{
  "stats": {
    "suites": 1,
    "tests": 7,
    "passes": 7,
    "pending": 0,
    "failures": 0,
    "start": "2025-07-01T01:10:03.922Z",
    "end": "2025-07-01T01:10:04.061Z",
    "duration": 139,
    "testsRegistered": 7,
    "passPercent": 100,
    "pendingPercent": 0,
    "other": 0,
    "hasOther": false,
    "skipped": 0,
    "hasSkipped": false
  },
  "results": [
    {
      "uuid": "e6022a5c-aee4-4105-b51b-bbd687292f4f",
      "title": "",
      "fullFile": "cypress\\component\\JobDescription.cy.js",
      "file": "cypress\\component\\JobDescription.cy.js",
      "beforeHooks": [],
      "afterHooks": [],
      "tests": [],
      "suites": [
        {
          "uuid": "8475beee-ab58-4d3c-b002-b69e7c1ca1ad",
          "title": "JobDescription Component",
          "fullFile": "",
          "file": "",
          "beforeHooks": [],
          "afterHooks": [],
          "tests": [
            {
              "title": "should render job description text",
              "fullTitle": "JobDescription Component should render job description text",
              "timedOut": null,
              "duration": 38,
              "state": "passed",
              "speed": "fast",
              "pass": true,
              "fail": false,
              "pending": false,
              "context": null,
              "code": "cy.get('[data-cy=\"description-text\"]').should('be.visible').and('contain.text', 'AI-powered Quality Engineering Company');",
              "err": {},
              "uuid": "d5338535-a6e7-46c2-9862-24b18c180a7f",
              "parentUUID": "8475beee-ab58-4d3c-b002-b69e7c1ca1ad",
              "isHook": false,
              "skipped": false
            },
            {
              "title": "should display all responsibilities",
              "fullTitle": "JobDescription Component should display all responsibilities",
              "timedOut": null,
              "duration": 15,
              "state": "passed",
              "speed": "fast",
              "pass": true,
              "fail": false,
              "pending": false,
              "context": null,
              "code": "cy.get('[data-cy=\"responsibilities\"]').should('be.visible');\ncy.get('[data-cy=\"responsibility-0\"]').should('contain.text', 'Lead the automation efforts using Cypress');\ncy.get('[data-cy=\"responsibility-1\"]').should('contain.text', 'Design, implement, and maintain scalable');\ncy.get('[data-cy=\"responsibility-6\"]').should('contain.text', 'Participate in sprint planning');",
              "err": {},
              "uuid": "a8d1ac5a-0c21-4081-ab58-03d48b1cd695",
              "parentUUID": "8475beee-ab58-4d3c-b002-b69e7c1ca1ad",
              "isHook": false,
              "skipped": false
            },
            {
              "title": "should display all requirements",
              "fullTitle": "JobDescription Component should display all requirements",
              "timedOut": null,
              "duration": 13,
              "state": "passed",
              "speed": "fast",
              "pass": true,
              "fail": false,
              "pending": false,
              "context": null,
              "code": "cy.get('[data-cy=\"requirements\"]').should('be.visible');\ncy.get('[data-cy=\"requirement-0\"]').should('contain.text', '6+ years of experience in test automation');\ncy.get('[data-cy=\"requirement-3\"]').should('contain.text', 'Hands-on experience with CI/CD tools');\ncy.get('[data-cy=\"requirement-6\"]').should('contain.text', 'Excellent communication and problem-solving skills');",
              "err": {},
              "uuid": "4450fdec-8b44-4865-8e9e-8ad2dd659801",
              "parentUUID": "8475beee-ab58-4d3c-b002-b69e7c1ca1ad",
              "isHook": false,
              "skipped": false
            },
            {
              "title": "should display nice to have items",
              "fullTitle": "JobDescription Component should display nice to have items",
              "timedOut": null,
              "duration": 13,
              "state": "passed",
              "speed": "fast",
              "pass": true,
              "fail": false,
              "pending": false,
              "context": null,
              "code": "cy.get('[data-cy=\"nice-to-have\"]').should('be.visible');\ncy.get('[data-cy=\"nice-to-have-0\"]').should('contain.text', 'Experience with tools like TestRail');\ncy.get('[data-cy=\"nice-to-have-1\"]').should('contain.text', 'Knowledge of performance or API testing tools');\ncy.get('[data-cy=\"nice-to-have-2\"]').should('contain.text', 'Exposure to Salesforce testing environments');",
              "err": {},
              "uuid": "29bbbfef-6579-42d8-a098-653f832431c6",
              "parentUUID": "8475beee-ab58-4d3c-b002-b69e7c1ca1ad",
              "isHook": false,
              "skipped": false
            },
            {
              "title": "should handle missing nice to have section",
              "fullTitle": "JobDescription Component should handle missing nice to have section",
              "timedOut": null,
              "duration": 12,
              "state": "passed",
              "speed": "fast",
              "pass": true,
              "fail": false,
              "pending": false,
              "context": null,
              "code": "var propsWithoutNiceToHave = _objectSpread({}, defaultProps);\ndelete propsWithoutNiceToHave.niceToHave;\ncy.mount(/*#__PURE__*/react__WEBPACK_IMPORTED_MODULE_0___default().createElement(_src_components_JobDescription__WEBPACK_IMPORTED_MODULE_1__[\"default\"], propsWithoutNiceToHave));\ncy.get('[data-cy=\"nice-to-have\"]').should('not.exist');",
              "err": {},
              "uuid": "b782947c-9824-4d56-a453-3f14c746be4f",
              "parentUUID": "8475beee-ab58-4d3c-b002-b69e7c1ca1ad",
              "isHook": false,
              "skipped": false
            },
            {
              "title": "should have proper heading structure",
              "fullTitle": "JobDescription Component should have proper heading structure",
              "timedOut": null,
              "duration": 11,
              "state": "passed",
              "speed": "fast",
              "pass": true,
              "fail": false,
              "pending": false,
              "context": null,
              "code": "cy.get('[data-cy=\"responsibilities\"] h3').should('contain.text', 'Key Responsibilities:');\ncy.get('[data-cy=\"requirements\"] h3').should('contain.text', 'Required Skills & Qualifications:');\ncy.get('[data-cy=\"nice-to-have\"] h3').should('contain.text', 'Nice to Have:');",
              "err": {},
              "uuid": "5eec9220-565a-40f1-934d-7c850214b8fb",
              "parentUUID": "8475beee-ab58-4d3c-b002-b69e7c1ca1ad",
              "isHook": false,
              "skipped": false
            },
            {
              "title": "should be accessible with proper data attributes",
              "fullTitle": "JobDescription Component should be accessible with proper data attributes",
              "timedOut": null,
              "duration": 10,
              "state": "passed",
              "speed": "fast",
              "pass": true,
              "fail": false,
              "pending": false,
              "context": null,
              "code": "cy.get('[data-cy=\"job-description\"]').should('be.visible');\ncy.get('[data-cy=\"responsibilities\"]').should('be.visible');\ncy.get('[data-cy=\"requirements\"]').should('be.visible');",
              "err": {},
              "uuid": "19e7c4e3-eb9d-4578-ba12-c3e8aaf0673a",
              "parentUUID": "8475beee-ab58-4d3c-b002-b69e7c1ca1ad",
              "isHook": false,
              "skipped": false
            }
          ],
          "suites": [],
          "passes": [
            "d5338535-a6e7-46c2-9862-24b18c180a7f",
            "a8d1ac5a-0c21-4081-ab58-03d48b1cd695",
            "4450fdec-8b44-4865-8e9e-8ad2dd659801",
            "29bbbfef-6579-42d8-a098-653f832431c6",
            "b782947c-9824-4d56-a453-3f14c746be4f",
            "5eec9220-565a-40f1-934d-7c850214b8fb",
            "19e7c4e3-eb9d-4578-ba12-c3e8aaf0673a"
          ],
          "failures": [],
          "pending": [],
          "skipped": [],
          "duration": 112,
          "root": false,
          "rootEmpty": false,
          "_timeout": 2000
        }
      ],
      "passes": [],
      "failures": [],
      "pending": [],
      "skipped": [],
      "duration": 0,
      "root": true,
      "rootEmpty": true,
      "_timeout": 2000
    }
  ],
  "meta": {
    "mocha": {
      "version": "7.0.1"
    },
    "mochawesome": {
      "options": {
        "quiet": false,
        "reportFilename": "mochawesome",
        "saveHtml": true,
        "saveJson": true,
        "consoleReporter": "spec",
        "useInlineDiffs": false,
        "code": true
      },
      "version": "7.1.3"
    },
    "marge": {
      "options": {
        "reportDir": "cypress/reports",
        "overwrite": false,
        "html": true,
        "json": true,
        "charts": true,
        "reportPageTitle": "Cypress Component Test Results",
        "embeddedScreenshots": true,
        "inlineAssets": true,
        "saveAllAttempts": false
      },
      "version": "6.2.0"
    }
  }
}