{
  "stats": {
    "suites": 5,
    "tests": 10,
    "passes": 10,
    "pending": 0,
    "failures": 0,
    "start": "2025-07-01T15:00:56.175Z",
    "end": "2025-07-01T15:00:56.785Z",
    "duration": 610,
    "testsRegistered": 10,
    "passPercent": 100,
    "pendingPercent": 0,
    "other": 0,
    "hasOther": false,
    "skipped": 0,
    "hasSkipped": false
  },
  "results": [
    {
      "uuid": "315e0888-fa9f-4137-80e7-d11d265eedb0",
      "title": "",
      "fullFile": "cypress\\e2e\\api_test.cy.js",
      "file": "cypress\\e2e\\api_test.cy.js",
      "beforeHooks": [],
      "afterHooks": [],
      "tests": [],
      "suites": [
        {
          "uuid": "a9c68722-719a-4f15-a688-454da95ce98c",
          "title": "API Testing Suite",
          "fullFile": "",
          "file": "",
          "beforeHooks": [],
          "afterHooks": [],
          "tests": [],
          "suites": [
            {
              "uuid": "96fcdccd-3c0a-4a7d-a8fc-ce19fe52692a",
              "title": "REST API Tests",
              "fullFile": "",
              "file": "",
              "beforeHooks": [],
              "afterHooks": [],
              "tests": [
                {
                  "title": "should GET posts list successfully",
                  "fullTitle": "API Testing Suite REST API Tests should GET posts list successfully",
                  "timedOut": null,
                  "duration": 167,
                  "state": "passed",
                  "speed": "fast",
                  "pass": true,
                  "fail": false,
                  "pending": false,
                  "context": null,
                  "code": "cy.request({\n  method: 'GET',\n  url: `${baseUrl}/posts`,\n  headers: {\n    'Content-Type': 'application/json'\n  }\n}).then(response => {\n  // Assert response status\n  expect(response.status).to.eq(200);\n  // Assert response structure\n  expect(response.body).to.be.an('array');\n  // Assert response data\n  expect(response.body).to.have.length.greaterThan(0);\n  // Check if posts have required properties\n  expect(response.body[0]).to.have.property('id');\n  expect(response.body[0]).to.have.property('title');\n  expect(response.body[0]).to.have.property('body');\n  expect(response.body[0]).to.have.property('userId');\n});",
                  "err": {},
                  "uuid": "72b4f280-a16a-43fb-aa0b-c7c17467b99e",
                  "parentUUID": "96fcdccd-3c0a-4a7d-a8fc-ce19fe52692a",
                  "isHook": false,
                  "skipped": false
                },
                {
                  "title": "should GET specific post by ID",
                  "fullTitle": "API Testing Suite REST API Tests should GET specific post by ID",
                  "timedOut": null,
                  "duration": 31,
                  "state": "passed",
                  "speed": "fast",
                  "pass": true,
                  "fail": false,
                  "pending": false,
                  "context": null,
                  "code": "const postId = '1';\ncy.request({\n  method: 'GET',\n  url: `${baseUrl}/posts/${postId}`,\n  headers: {\n    'Content-Type': 'application/json'\n  }\n}).then(response => {\n  expect(response.status).to.eq(200);\n  expect(response.body).to.have.property('id', 1);\n  expect(response.body).to.have.property('title');\n  expect(response.body).to.have.property('body');\n  expect(response.body).to.have.property('userId');\n});",
                  "err": {},
                  "uuid": "b8aa4250-f67b-459c-8a96-1f822ad41047",
                  "parentUUID": "96fcdccd-3c0a-4a7d-a8fc-ce19fe52692a",
                  "isHook": false,
                  "skipped": false
                },
                {
                  "title": "should POST new post",
                  "fullTitle": "API Testing Suite REST API Tests should POST new post",
                  "timedOut": null,
                  "duration": 35,
                  "state": "passed",
                  "speed": "fast",
                  "pass": true,
                  "fail": false,
                  "pending": false,
                  "context": null,
                  "code": "const postData = {\n  title: 'Test Post Title',\n  body: 'This is a test post body for API testing',\n  userId: 1\n};\ncy.request({\n  method: 'POST',\n  url: `${baseUrl}/posts`,\n  headers: {\n    'Content-Type': 'application/json'\n  },\n  body: postData\n}).then(response => {\n  expect(response.status).to.eq(201);\n  expect(response.body).to.have.property('id');\n  expect(response.body).to.have.property('title', postData.title);\n  expect(response.body).to.have.property('body', postData.body);\n  expect(response.body).to.have.property('userId', postData.userId);\n});",
                  "err": {},
                  "uuid": "b6c6e39c-a21f-4d27-9224-6442c22fc836",
                  "parentUUID": "96fcdccd-3c0a-4a7d-a8fc-ce19fe52692a",
                  "isHook": false,
                  "skipped": false
                },
                {
                  "title": "should handle 404 for non-existent post",
                  "fullTitle": "API Testing Suite REST API Tests should handle 404 for non-existent post",
                  "timedOut": null,
                  "duration": 43,
                  "state": "passed",
                  "speed": "fast",
                  "pass": true,
                  "fail": false,
                  "pending": false,
                  "context": null,
                  "code": "cy.request({\n  method: 'GET',\n  url: `${baseUrl}/posts/99999999`,\n  headers: {\n    'Content-Type': 'application/json'\n  },\n  failOnStatusCode: false\n}).then(response => {\n  expect(response.status).to.eq(404);\n  expect(response.body).to.be.empty;\n});",
                  "err": {},
                  "uuid": "dae89d9b-b2c7-4d8e-81b1-a21f569d63f0",
                  "parentUUID": "96fcdccd-3c0a-4a7d-a8fc-ce19fe52692a",
                  "isHook": false,
                  "skipped": false
                }
              ],
              "suites": [],
              "passes": [
                "72b4f280-a16a-43fb-aa0b-c7c17467b99e",
                "b8aa4250-f67b-459c-8a96-1f822ad41047",
                "b6c6e39c-a21f-4d27-9224-6442c22fc836",
                "dae89d9b-b2c7-4d8e-81b1-a21f569d63f0"
              ],
              "failures": [],
              "pending": [],
              "skipped": [],
              "duration": 276,
              "root": false,
              "rootEmpty": false,
              "_timeout": 2000
            },
            {
              "uuid": "1b05ecac-3213-419f-8d2f-40f77cf19a6d",
              "title": "Authentication & Authorization Tests",
              "fullFile": "",
              "file": "",
              "beforeHooks": [],
              "afterHooks": [],
              "tests": [
                {
                  "title": "should handle requests without authentication (public API)",
                  "fullTitle": "API Testing Suite Authentication & Authorization Tests should handle requests without authentication (public API)",
                  "timedOut": null,
                  "duration": 34,
                  "state": "passed",
                  "speed": "fast",
                  "pass": true,
                  "fail": false,
                  "pending": false,
                  "context": null,
                  "code": "cy.request({\n  method: 'GET',\n  url: `${baseUrl}/posts`,\n  headers: {\n    'Content-Type': 'application/json'\n  }\n}).then(response => {\n  expect(response.status).to.eq(200);\n  expect(response.body).to.be.an('array');\n});",
                  "err": {},
                  "uuid": "6b9359c3-a60b-4edb-9cd9-ce18c648fab4",
                  "parentUUID": "1b05ecac-3213-419f-8d2f-40f77cf19a6d",
                  "isHook": false,
                  "skipped": false
                },
                {
                  "title": "should handle requests with custom headers",
                  "fullTitle": "API Testing Suite Authentication & Authorization Tests should handle requests with custom headers",
                  "timedOut": null,
                  "duration": 34,
                  "state": "passed",
                  "speed": "fast",
                  "pass": true,
                  "fail": false,
                  "pending": false,
                  "context": null,
                  "code": "cy.request({\n  method: 'GET',\n  url: `${baseUrl}/posts/1`,\n  headers: {\n    'Content-Type': 'application/json',\n    'X-Custom-Header': 'test-value'\n  }\n}).then(response => {\n  expect(response.status).to.eq(200);\n  expect(response.body).to.have.property('id', 1);\n});",
                  "err": {},
                  "uuid": "b442a5ef-063f-4e1e-ac80-5180b64b30d9",
                  "parentUUID": "1b05ecac-3213-419f-8d2f-40f77cf19a6d",
                  "isHook": false,
                  "skipped": false
                }
              ],
              "suites": [],
              "passes": [
                "6b9359c3-a60b-4edb-9cd9-ce18c648fab4",
                "b442a5ef-063f-4e1e-ac80-5180b64b30d9"
              ],
              "failures": [],
              "pending": [],
              "skipped": [],
              "duration": 68,
              "root": false,
              "rootEmpty": false,
              "_timeout": 2000
            },
            {
              "uuid": "f5970149-7fe8-4b63-81a3-1c04efe2e82a",
              "title": "Data Validation Tests",
              "fullFile": "",
              "file": "",
              "beforeHooks": [],
              "afterHooks": [],
              "tests": [
                {
                  "title": "should validate post data structure",
                  "fullTitle": "API Testing Suite Data Validation Tests should validate post data structure",
                  "timedOut": null,
                  "duration": 38,
                  "state": "passed",
                  "speed": "fast",
                  "pass": true,
                  "fail": false,
                  "pending": false,
                  "context": null,
                  "code": "const validPost = {\n  title: 'Valid Post Title',\n  body: 'Valid post body content',\n  userId: 1\n};\ncy.request({\n  method: 'POST',\n  url: `${baseUrl}/posts`,\n  headers: {\n    'Content-Type': 'application/json'\n  },\n  body: validPost\n}).then(response => {\n  expect(response.status).to.eq(201);\n  expect(response.body).to.have.property('id');\n  expect(response.body.title).to.eq(validPost.title);\n  expect(response.body.body).to.eq(validPost.body);\n  expect(response.body.userId).to.eq(validPost.userId);\n});",
                  "err": {},
                  "uuid": "8a0c2e6e-d705-4d2c-819e-050738c5604b",
                  "parentUUID": "f5970149-7fe8-4b63-81a3-1c04efe2e82a",
                  "isHook": false,
                  "skipped": false
                },
                {
                  "title": "should handle missing required fields gracefully",
                  "fullTitle": "API Testing Suite Data Validation Tests should handle missing required fields gracefully",
                  "timedOut": null,
                  "duration": 27,
                  "state": "passed",
                  "speed": "fast",
                  "pass": true,
                  "fail": false,
                  "pending": false,
                  "context": null,
                  "code": "const incompletePost = {\n  title: 'Incomplete Post'\n  // Missing body and userId\n};\ncy.request({\n  method: 'POST',\n  url: `${baseUrl}/posts`,\n  headers: {\n    'Content-Type': 'application/json'\n  },\n  body: incompletePost\n}).then(response => {\n  // JSONPlaceholder doesn't validate, so it returns 201\n  expect(response.status).to.eq(201);\n  expect(response.body).to.have.property('id');\n});",
                  "err": {},
                  "uuid": "68af4cef-92da-47af-b58c-4e492146bf85",
                  "parentUUID": "f5970149-7fe8-4b63-81a3-1c04efe2e82a",
                  "isHook": false,
                  "skipped": false
                }
              ],
              "suites": [],
              "passes": [
                "8a0c2e6e-d705-4d2c-819e-050738c5604b",
                "68af4cef-92da-47af-b58c-4e492146bf85"
              ],
              "failures": [],
              "pending": [],
              "skipped": [],
              "duration": 65,
              "root": false,
              "rootEmpty": false,
              "_timeout": 2000
            },
            {
              "uuid": "a4658d4e-52e4-417e-8e58-51315cdcb530",
              "title": "Performance & Load Tests",
              "fullFile": "",
              "file": "",
              "beforeHooks": [],
              "afterHooks": [],
              "tests": [
                {
                  "title": "should respond within acceptable time",
                  "fullTitle": "API Testing Suite Performance & Load Tests should respond within acceptable time",
                  "timedOut": null,
                  "duration": 36,
                  "state": "passed",
                  "speed": "fast",
                  "pass": true,
                  "fail": false,
                  "pending": false,
                  "context": null,
                  "code": "cy.request({\n  method: 'GET',\n  url: `${baseUrl}/posts`,\n  headers: {\n    'Content-Type': 'application/json'\n  }\n}).then(response => {\n  expect(response.status).to.eq(200);\n  // Assert response time is under 5 seconds\n  expect(response.duration).to.be.lessThan(5000);\n});",
                  "err": {},
                  "uuid": "be0c52bf-156d-429c-881b-0d1a6741ea3b",
                  "parentUUID": "a4658d4e-52e4-417e-8e58-51315cdcb530",
                  "isHook": false,
                  "skipped": false
                },
                {
                  "title": "should handle multiple sequential requests",
                  "fullTitle": "API Testing Suite Performance & Load Tests should handle multiple sequential requests",
                  "timedOut": null,
                  "duration": 75,
                  "state": "passed",
                  "speed": "fast",
                  "pass": true,
                  "fail": false,
                  "pending": false,
                  "context": null,
                  "code": "// Make multiple sequential requests instead of concurrent\ncy.request({\n  method: 'GET',\n  url: `${baseUrl}/posts/1`,\n  headers: {\n    'Content-Type': 'application/json'\n  }\n}).then(response => {\n  expect(response.status).to.eq(200);\n});\ncy.request({\n  method: 'GET',\n  url: `${baseUrl}/posts/2`,\n  headers: {\n    'Content-Type': 'application/json'\n  }\n}).then(response => {\n  expect(response.status).to.eq(200);\n});\ncy.request({\n  method: 'GET',\n  url: `${baseUrl}/posts/3`,\n  headers: {\n    'Content-Type': 'application/json'\n  }\n}).then(response => {\n  expect(response.status).to.eq(200);\n});",
                  "err": {},
                  "uuid": "0ea7b7c5-6c08-410d-ab40-160922d0b0d6",
                  "parentUUID": "a4658d4e-52e4-417e-8e58-51315cdcb530",
                  "isHook": false,
                  "skipped": false
                }
              ],
              "suites": [],
              "passes": [
                "be0c52bf-156d-429c-881b-0d1a6741ea3b",
                "0ea7b7c5-6c08-410d-ab40-160922d0b0d6"
              ],
              "failures": [],
              "pending": [],
              "skipped": [],
              "duration": 111,
              "root": false,
              "rootEmpty": false,
              "_timeout": 2000
            }
          ],
          "passes": [],
          "failures": [],
          "pending": [],
          "skipped": [],
          "duration": 0,
          "root": false,
          "rootEmpty": false,
          "_timeout": 2000
        }
      ],
      "passes": [],
      "failures": [],
      "pending": [],
      "skipped": [],
      "duration": 0,
      "root": true,
      "rootEmpty": true,
      "_timeout": 2000
    }
  ],
  "meta": {
    "mocha": {
      "version": "7.0.1"
    },
    "mochawesome": {
      "options": {
        "quiet": false,
        "reportFilename": "mochawesome",
        "saveHtml": true,
        "saveJson": true,
        "consoleReporter": "spec",
        "useInlineDiffs": false,
        "code": true
      },
      "version": "7.1.3"
    },
    "marge": {
      "options": {
        "reportDir": "cypress/reports",
        "overwrite": false,
        "html": true,
        "json": true,
        "charts": true,
        "reportPageTitle": "Cypress Test Results",
        "embeddedScreenshots": true,
        "inlineAssets": true,
        "saveAllAttempts": false
      },
      "version": "6.2.0"
    }
  }
}