{
  "stats": {
    "suites": 1,
    "tests": 7,
    "passes": 7,
    "pending": 0,
    "failures": 0,
    "start": "2025-07-01T01:09:36.010Z",
    "end": "2025-07-01T01:09:36.156Z",
    "duration": 146,
    "testsRegistered": 7,
    "passPercent": 100,
    "pendingPercent": 0,
    "other": 0,
    "hasOther": false,
    "skipped": 0,
    "hasSkipped": false
  },
  "results": [
    {
      "uuid": "ff42ce4f-584c-4a7e-9ade-2be1183a4056",
      "title": "",
      "fullFile": "cypress\\component\\JobDescription.cy.js",
      "file": "cypress\\component\\JobDescription.cy.js",
      "beforeHooks": [],
      "afterHooks": [],
      "tests": [],
      "suites": [
        {
          "uuid": "f989eb21-4a3e-4f7e-96a0-35ecb9c37249",
          "title": "JobDescription Component",
          "fullFile": "",
          "file": "",
          "beforeHooks": [],
          "afterHooks": [],
          "tests": [
            {
              "title": "should render job description text",
              "fullTitle": "JobDescription Component should render job description text",
              "timedOut": null,
              "duration": 38,
              "state": "passed",
              "speed": "fast",
              "pass": true,
              "fail": false,
              "pending": false,
              "context": null,
              "code": "cy.get('[data-cy=\"description-text\"]').should('be.visible').and('contain.text', 'AI-powered Quality Engineering Company');",
              "err": {},
              "uuid": "686c2396-b9d6-41ee-aad8-71a82bcefd37",
              "parentUUID": "f989eb21-4a3e-4f7e-96a0-35ecb9c37249",
              "isHook": false,
              "skipped": false
            },
            {
              "title": "should display all responsibilities",
              "fullTitle": "JobDescription Component should display all responsibilities",
              "timedOut": null,
              "duration": 16,
              "state": "passed",
              "speed": "fast",
              "pass": true,
              "fail": false,
              "pending": false,
              "context": null,
              "code": "cy.get('[data-cy=\"responsibilities\"]').should('be.visible');\ncy.get('[data-cy=\"responsibility-0\"]').should('contain.text', 'Lead the automation efforts using Cypress');\ncy.get('[data-cy=\"responsibility-1\"]').should('contain.text', 'Design, implement, and maintain scalable');\ncy.get('[data-cy=\"responsibility-6\"]').should('contain.text', 'Participate in sprint planning');",
              "err": {},
              "uuid": "65731077-927c-4df7-9fda-a9e296d4c90a",
              "parentUUID": "f989eb21-4a3e-4f7e-96a0-35ecb9c37249",
              "isHook": false,
              "skipped": false
            },
            {
              "title": "should display all requirements",
              "fullTitle": "JobDescription Component should display all requirements",
              "timedOut": null,
              "duration": 14,
              "state": "passed",
              "speed": "fast",
              "pass": true,
              "fail": false,
              "pending": false,
              "context": null,
              "code": "cy.get('[data-cy=\"requirements\"]').should('be.visible');\ncy.get('[data-cy=\"requirement-0\"]').should('contain.text', '6+ years of experience in test automation');\ncy.get('[data-cy=\"requirement-3\"]').should('contain.text', 'Hands-on experience with CI/CD tools');\ncy.get('[data-cy=\"requirement-6\"]').should('contain.text', 'Excellent communication and problem-solving skills');",
              "err": {},
              "uuid": "28b237e0-9609-435a-bcca-50eb0831612b",
              "parentUUID": "f989eb21-4a3e-4f7e-96a0-35ecb9c37249",
              "isHook": false,
              "skipped": false
            },
            {
              "title": "should display nice to have items",
              "fullTitle": "JobDescription Component should display nice to have items",
              "timedOut": null,
              "duration": 13,
              "state": "passed",
              "speed": "fast",
              "pass": true,
              "fail": false,
              "pending": false,
              "context": null,
              "code": "cy.get('[data-cy=\"nice-to-have\"]').should('be.visible');\ncy.get('[data-cy=\"nice-to-have-0\"]').should('contain.text', 'Experience with tools like TestRail');\ncy.get('[data-cy=\"nice-to-have-1\"]').should('contain.text', 'Knowledge of performance or API testing tools');\ncy.get('[data-cy=\"nice-to-have-2\"]').should('contain.text', 'Exposure to Salesforce testing environments');",
              "err": {},
              "uuid": "2019d637-6f4e-4b27-9010-dcc184fc6d87",
              "parentUUID": "f989eb21-4a3e-4f7e-96a0-35ecb9c37249",
              "isHook": false,
              "skipped": false
            },
            {
              "title": "should handle missing nice to have section",
              "fullTitle": "JobDescription Component should handle missing nice to have section",
              "timedOut": null,
              "duration": 12,
              "state": "passed",
              "speed": "fast",
              "pass": true,
              "fail": false,
              "pending": false,
              "context": null,
              "code": "var propsWithoutNiceToHave = _objectSpread({}, defaultProps);\ndelete propsWithoutNiceToHave.niceToHave;\ncy.mount(/*#__PURE__*/react__WEBPACK_IMPORTED_MODULE_0___default().createElement(_src_components_JobDescription__WEBPACK_IMPORTED_MODULE_1__[\"default\"], propsWithoutNiceToHave));\ncy.get('[data-cy=\"nice-to-have\"]').should('not.exist');",
              "err": {},
              "uuid": "a1ba7865-2a64-4931-ac4d-e162da88b07f",
              "parentUUID": "f989eb21-4a3e-4f7e-96a0-35ecb9c37249",
              "isHook": false,
              "skipped": false
            },
            {
              "title": "should have proper heading structure",
              "fullTitle": "JobDescription Component should have proper heading structure",
              "timedOut": null,
              "duration": 13,
              "state": "passed",
              "speed": "fast",
              "pass": true,
              "fail": false,
              "pending": false,
              "context": null,
              "code": "cy.get('[data-cy=\"responsibilities\"] h3').should('contain.text', 'Key Responsibilities:');\ncy.get('[data-cy=\"requirements\"] h3').should('contain.text', 'Required Skills & Qualifications:');\ncy.get('[data-cy=\"nice-to-have\"] h3').should('contain.text', 'Nice to Have:');",
              "err": {},
              "uuid": "d19997f8-0915-4f91-8acd-51624fb5c8c8",
              "parentUUID": "f989eb21-4a3e-4f7e-96a0-35ecb9c37249",
              "isHook": false,
              "skipped": false
            },
            {
              "title": "should be accessible with proper data attributes",
              "fullTitle": "JobDescription Component should be accessible with proper data attributes",
              "timedOut": null,
              "duration": 12,
              "state": "passed",
              "speed": "fast",
              "pass": true,
              "fail": false,
              "pending": false,
              "context": null,
              "code": "cy.get('[data-cy=\"job-description\"]').should('be.visible');\ncy.get('[data-cy=\"responsibilities\"]').should('be.visible');\ncy.get('[data-cy=\"requirements\"]').should('be.visible');",
              "err": {},
              "uuid": "50e17f7f-9da5-4187-a7c7-355fe6f75ec2",
              "parentUUID": "f989eb21-4a3e-4f7e-96a0-35ecb9c37249",
              "isHook": false,
              "skipped": false
            }
          ],
          "suites": [],
          "passes": [
            "686c2396-b9d6-41ee-aad8-71a82bcefd37",
            "65731077-927c-4df7-9fda-a9e296d4c90a",
            "28b237e0-9609-435a-bcca-50eb0831612b",
            "2019d637-6f4e-4b27-9010-dcc184fc6d87",
            "a1ba7865-2a64-4931-ac4d-e162da88b07f",
            "d19997f8-0915-4f91-8acd-51624fb5c8c8",
            "50e17f7f-9da5-4187-a7c7-355fe6f75ec2"
          ],
          "failures": [],
          "pending": [],
          "skipped": [],
          "duration": 118,
          "root": false,
          "rootEmpty": false,
          "_timeout": 2000
        }
      ],
      "passes": [],
      "failures": [],
      "pending": [],
      "skipped": [],
      "duration": 0,
      "root": true,
      "rootEmpty": true,
      "_timeout": 2000
    }
  ],
  "meta": {
    "mocha": {
      "version": "7.0.1"
    },
    "mochawesome": {
      "options": {
        "quiet": false,
        "reportFilename": "mochawesome",
        "saveHtml": true,
        "saveJson": true,
        "consoleReporter": "spec",
        "useInlineDiffs": false,
        "code": true
      },
      "version": "7.1.3"
    },
    "marge": {
      "options": {
        "reportDir": "cypress/reports",
        "overwrite": false,
        "html": true,
        "json": true,
        "charts": true,
        "reportPageTitle": "Cypress Component Test Results",
        "embeddedScreenshots": true,
        "inlineAssets": true,
        "saveAllAttempts": false
      },
      "version": "6.2.0"
    }
  }
}