{
  "stats": {
    "suites": 1,
    "tests": 1,
    "passes": 0,
    "pending": 0,
    "failures": 1,
    "start": "2025-07-01T17:42:19.252Z",
    "end": "2025-07-01T17:42:22.423Z",
    "duration": 3171,
    "testsRegistered": 8,
    "passPercent": 0,
    "pendingPercent": 0,
    "other": 0,
    "hasOther": false,
    "skipped": 7,
    "hasSkipped": true
  },
  "results": [
    {
      "uuid": "6f7ff1a1-b479-4c19-8be6-da58d6ebfdee",
      "title": "",
      "fullFile": "cypress\\e2e\\qualitest_job.cy.js",
      "file": "cypress\\e2e\\qualitest_job.cy.js",
      "beforeHooks": [],
      "afterHooks": [],
      "tests": [],
      "suites": [
        {
          "uuid": "ce5bcf3f-b7c4-4684-9a9a-3f4eb06f5570",
          "title": "Qualitest Automation Lead Job Page",
          "fullFile": "",
          "file": "",
          "beforeHooks": [],
          "afterHooks": [],
          "tests": [
            {
              "title": "should display the job title",
              "fullTitle": "Qualitest Automation Lead Job Page should display the job title",
              "timedOut": null,
              "duration": 3138,
              "state": "failed",
              "speed": null,
              "pass": false,
              "fail": true,
              "pending": false,
              "context": null,
              "code": "// Check for job title with fallback\ncy.checkForText('Automation Lead', 'Automation');",
              "err": {
                "message": "TypeError: Cannot read properties of undefined (reading 'on')\n\nBecause this error occurred during a `before each` hook we are skipping the remaining tests in the current suite: `Qualitest Automation Lead J...`",
                "estack": "TypeError: Cannot read properties of undefined (reading 'on')\n\nBecause this error occurred during a `before each` hook we are skipping the remaining tests in the current suite: `Qualitest Automation Lead J...`\n    at HTMLDocument.<anonymous> (https://careers.qualitestgroup.com/platform/js/j2w/j2w.bootstrap.dropdown.js:50:68)\n    at e (https://careers.qualitestgroup.com/platform/js/jquery/jquery-3.5.1.min.js:2:30005)\n    at t (https://careers.qualitestgroup.com/platform/js/jquery/jquery-3.5.1.min.js:2:30307)\n    at o (https://careers.qualitestgroup.com/job/Santa-Clara-Automation-Lead-CA-95054/39414944/:4:465)\n    at https://careers.qualitestgroup.com/job/Santa-Clara-Automation-Lead-CA-95054/39414944/:4:838",
                "diff": null
              },
              "uuid": "0eaaf486-bba0-4667-aae7-c915d4bfd25c",
              "parentUUID": "ce5bcf3f-b7c4-4684-9a9a-3f4eb06f5570",
              "isHook": false,
              "skipped": false
            },
            {
              "title": "should load the job page successfully",
              "fullTitle": "Qualitest Automation Lead Job Page should load the job page successfully",
              "timedOut": null,
              "duration": 0,
              "state": "skipped",
              "speed": null,
              "pass": false,
              "fail": false,
              "pending": false,
              "context": null,
              "code": "// Verify the page loads and has content\ncy.get('body').should('be.visible');\ncy.get('body').should('not.be.empty');\n// Log page title for debugging\ncy.title().then(title => {\n  cy.log(`Page title: ${title}`);\n});",
              "err": {},
              "uuid": "8a1035f5-ddc8-44df-9cde-defb63f6cc0a",
              "parentUUID": "ce5bcf3f-b7c4-4684-9a9a-3f4eb06f5570",
              "isHook": false,
              "skipped": true
            },
            {
              "title": "should have an apply button or application link",
              "fullTitle": "Qualitest Automation Lead Job Page should have an apply button or application link",
              "timedOut": null,
              "duration": 0,
              "state": "skipped",
              "speed": null,
              "pass": false,
              "fail": false,
              "pending": false,
              "context": null,
              "code": "// Check for common apply button text variations\ncy.get('body').then($body => {\n  if ($body.find('[data-testid=\"apply-button\"]').length > 0) {\n    cy.get('[data-testid=\"apply-button\"]').should('be.visible');\n  } else if ($body.find('button:contains(\"Apply\")').length > 0) {\n    cy.get('button:contains(\"Apply\")').should('be.visible');\n  } else if ($body.find('a:contains(\"Apply\")').length > 0) {\n    cy.get('a:contains(\"Apply\")').should('be.visible');\n  } else {\n    // If no apply button found, log it but don't fail the test\n    cy.log('No apply button found on the page');\n  }\n});",
              "err": {},
              "uuid": "74ae663c-f825-4ca5-bff1-1cb800ffaa96",
              "parentUUID": "ce5bcf3f-b7c4-4684-9a9a-3f4eb06f5570",
              "isHook": false,
              "skipped": true
            },
            {
              "title": "should display company information",
              "fullTitle": "Qualitest Automation Lead Job Page should display company information",
              "timedOut": null,
              "duration": 0,
              "state": "skipped",
              "speed": null,
              "pass": false,
              "fail": false,
              "pending": false,
              "context": null,
              "code": "// Check for Qualitest company information with fallback\ncy.checkForText('Qualitest', 'company');",
              "err": {},
              "uuid": "07560b4d-6939-4ba9-9a9b-d6ec5ff0aed1",
              "parentUUID": "ce5bcf3f-b7c4-4684-9a9a-3f4eb06f5570",
              "isHook": false,
              "skipped": true
            },
            {
              "title": "should have job description content",
              "fullTitle": "Qualitest Automation Lead Job Page should have job description content",
              "timedOut": null,
              "duration": 0,
              "state": "skipped",
              "speed": null,
              "pass": false,
              "fail": false,
              "pending": false,
              "context": null,
              "code": "// Check for common job description elements\ncy.get('body').then($body => {\n  // Look for common job description keywords\n  const jobKeywords = ['responsibilities', 'requirements', 'qualifications', 'experience', 'skills'];\n  const foundKeywords = jobKeywords.filter(keyword => $body.text().toLowerCase().includes(keyword));\n  if (foundKeywords.length > 0) {\n    cy.log(`Found job description keywords: ${foundKeywords.join(', ')}`);\n  } else {\n    cy.log('No standard job description keywords found');\n  }\n});",
              "err": {},
              "uuid": "d564f244-7265-4c3c-8dd8-3f8d721fb452",
              "parentUUID": "ce5bcf3f-b7c4-4684-9a9a-3f4eb06f5570",
              "isHook": false,
              "skipped": true
            },
            {
              "title": "should have proper page structure",
              "fullTitle": "Qualitest Automation Lead Job Page should have proper page structure",
              "timedOut": null,
              "duration": 0,
              "state": "skipped",
              "speed": null,
              "pass": false,
              "fail": false,
              "pending": false,
              "context": null,
              "code": "// Check for basic page structure elements\ncy.get('body').should('exist');\ncy.get('head').should('exist');\n// Check if page has a title\ncy.title().then(title => {\n  if (title && title.trim() !== '') {\n    cy.log(`Page has title: ${title}`);\n  } else {\n    cy.log('Page title is empty, but page structure is valid');\n  }\n});",
              "err": {},
              "uuid": "9684a691-f0d3-4898-ada7-14256de75967",
              "parentUUID": "ce5bcf3f-b7c4-4684-9a9a-3f4eb06f5570",
              "isHook": false,
              "skipped": true
            },
            {
              "title": "should load without critical errors",
              "fullTitle": "Qualitest Automation Lead Job Page should load without critical errors",
              "timedOut": null,
              "duration": 0,
              "state": "skipped",
              "speed": null,
              "pass": false,
              "fail": false,
              "pending": false,
              "context": null,
              "code": "// Check for console errors\ncy.window().then(win => {\n  const consoleErrors = win.console.error;\n  if (consoleErrors) {\n    cy.log('Console errors detected but test continues');\n  }\n});\n// Verify page is loaded\ncy.get('body').should('be.visible');",
              "err": {},
              "uuid": "19d3e784-6b3e-462b-97bb-eaf2f7971a2d",
              "parentUUID": "ce5bcf3f-b7c4-4684-9a9a-3f4eb06f5570",
              "isHook": false,
              "skipped": true
            },
            {
              "title": "should have responsive design elements",
              "fullTitle": "Qualitest Automation Lead Job Page should have responsive design elements",
              "timedOut": null,
              "duration": 0,
              "state": "skipped",
              "speed": null,
              "pass": false,
              "fail": false,
              "pending": false,
              "context": null,
              "code": "// Check viewport and responsive elements\ncy.viewport(1280, 720);\ncy.get('body').should('be.visible');\n// Check for mobile responsiveness\ncy.viewport('iphone-x');\ncy.get('body').should('be.visible');",
              "err": {},
              "uuid": "1a949a07-f655-4ee0-a6df-cc197a6c2d68",
              "parentUUID": "ce5bcf3f-b7c4-4684-9a9a-3f4eb06f5570",
              "isHook": false,
              "skipped": true
            }
          ],
          "suites": [],
          "passes": [],
          "failures": [
            "0eaaf486-bba0-4667-aae7-c915d4bfd25c"
          ],
          "pending": [],
          "skipped": [
            "8a1035f5-ddc8-44df-9cde-defb63f6cc0a",
            "74ae663c-f825-4ca5-bff1-1cb800ffaa96",
            "07560b4d-6939-4ba9-9a9b-d6ec5ff0aed1",
            "d564f244-7265-4c3c-8dd8-3f8d721fb452",
            "9684a691-f0d3-4898-ada7-14256de75967",
            "19d3e784-6b3e-462b-97bb-eaf2f7971a2d",
            "1a949a07-f655-4ee0-a6df-cc197a6c2d68"
          ],
          "duration": 3138,
          "root": false,
          "rootEmpty": false,
          "_timeout": 2000
        }
      ],
      "passes": [],
      "failures": [],
      "pending": [],
      "skipped": [],
      "duration": 0,
      "root": true,
      "rootEmpty": true,
      "_timeout": 2000
    }
  ],
  "meta": {
    "mocha": {
      "version": "7.0.1"
    },
    "mochawesome": {
      "options": {
        "quiet": false,
        "reportFilename": "mochawesome",
        "saveHtml": true,
        "saveJson": true,
        "consoleReporter": "spec",
        "useInlineDiffs": false,
        "code": true
      },
      "version": "7.1.3"
    },
    "marge": {
      "options": {
        "reportDir": "cypress/reports",
        "overwrite": false,
        "html": true,
        "json": true,
        "charts": true,
        "reportPageTitle": "Cypress Test Results",
        "embeddedScreenshots": true,
        "inlineAssets": true,
        "saveAllAttempts": false
      },
      "version": "6.2.0"
    }
  }
}