{
  "stats": {
    "suites": 1,
    "tests": 7,
    "passes": 7,
    "pending": 0,
    "failures": 0,
    "start": "2025-07-01T00:27:34.738Z",
    "end": "2025-07-01T00:27:34.883Z",
    "duration": 145,
    "testsRegistered": 7,
    "passPercent": 100,
    "pendingPercent": 0,
    "other": 0,
    "hasOther": false,
    "skipped": 0,
    "hasSkipped": false
  },
  "results": [
    {
      "uuid": "e51c3060-2185-4986-b984-5e857959b2c2",
      "title": "",
      "fullFile": "cypress\\component\\JobDescription.cy.js",
      "file": "cypress\\component\\JobDescription.cy.js",
      "beforeHooks": [],
      "afterHooks": [],
      "tests": [],
      "suites": [
        {
          "uuid": "3bc9333b-9344-4a57-8ded-e6999100c53b",
          "title": "JobDescription Component",
          "fullFile": "",
          "file": "",
          "beforeHooks": [],
          "afterHooks": [],
          "tests": [
            {
              "title": "should render job description text",
              "fullTitle": "JobDescription Component should render job description text",
              "timedOut": null,
              "duration": 39,
              "state": "passed",
              "speed": "fast",
              "pass": true,
              "fail": false,
              "pending": false,
              "context": null,
              "code": "cy.get('[data-cy=\"description-text\"]').should('be.visible').and('contain.text', 'AI-powered Quality Engineering Company');",
              "err": {},
              "uuid": "8e1a458c-95dc-42a3-ad23-74048a506b65",
              "parentUUID": "3bc9333b-9344-4a57-8ded-e6999100c53b",
              "isHook": false,
              "skipped": false
            },
            {
              "title": "should display all responsibilities",
              "fullTitle": "JobDescription Component should display all responsibilities",
              "timedOut": null,
              "duration": 15,
              "state": "passed",
              "speed": "fast",
              "pass": true,
              "fail": false,
              "pending": false,
              "context": null,
              "code": "cy.get('[data-cy=\"responsibilities\"]').should('be.visible');\ncy.get('[data-cy=\"responsibility-0\"]').should('contain.text', 'Lead the automation efforts using Cypress');\ncy.get('[data-cy=\"responsibility-1\"]').should('contain.text', 'Design, implement, and maintain scalable');\ncy.get('[data-cy=\"responsibility-6\"]').should('contain.text', 'Participate in sprint planning');",
              "err": {},
              "uuid": "e9eb3455-5653-43f3-aa76-50ebbf662623",
              "parentUUID": "3bc9333b-9344-4a57-8ded-e6999100c53b",
              "isHook": false,
              "skipped": false
            },
            {
              "title": "should display all requirements",
              "fullTitle": "JobDescription Component should display all requirements",
              "timedOut": null,
              "duration": 14,
              "state": "passed",
              "speed": "fast",
              "pass": true,
              "fail": false,
              "pending": false,
              "context": null,
              "code": "cy.get('[data-cy=\"requirements\"]').should('be.visible');\ncy.get('[data-cy=\"requirement-0\"]').should('contain.text', '6+ years of experience in test automation');\ncy.get('[data-cy=\"requirement-3\"]').should('contain.text', 'Hands-on experience with CI/CD tools');\ncy.get('[data-cy=\"requirement-6\"]').should('contain.text', 'Excellent communication and problem-solving skills');",
              "err": {},
              "uuid": "5be32ad9-59a3-4985-a22f-556b72757474",
              "parentUUID": "3bc9333b-9344-4a57-8ded-e6999100c53b",
              "isHook": false,
              "skipped": false
            },
            {
              "title": "should display nice to have items",
              "fullTitle": "JobDescription Component should display nice to have items",
              "timedOut": null,
              "duration": 13,
              "state": "passed",
              "speed": "fast",
              "pass": true,
              "fail": false,
              "pending": false,
              "context": null,
              "code": "cy.get('[data-cy=\"nice-to-have\"]').should('be.visible');\ncy.get('[data-cy=\"nice-to-have-0\"]').should('contain.text', 'Experience with tools like TestRail');\ncy.get('[data-cy=\"nice-to-have-1\"]').should('contain.text', 'Knowledge of performance or API testing tools');\ncy.get('[data-cy=\"nice-to-have-2\"]').should('contain.text', 'Exposure to Salesforce testing environments');",
              "err": {},
              "uuid": "9edfe8d7-f5ed-44f6-b2bc-b6d6880b8815",
              "parentUUID": "3bc9333b-9344-4a57-8ded-e6999100c53b",
              "isHook": false,
              "skipped": false
            },
            {
              "title": "should handle missing nice to have section",
              "fullTitle": "JobDescription Component should handle missing nice to have section",
              "timedOut": null,
              "duration": 13,
              "state": "passed",
              "speed": "fast",
              "pass": true,
              "fail": false,
              "pending": false,
              "context": null,
              "code": "var propsWithoutNiceToHave = _objectSpread({}, defaultProps);\ndelete propsWithoutNiceToHave.niceToHave;\ncy.mount(/*#__PURE__*/react__WEBPACK_IMPORTED_MODULE_0___default().createElement(_src_components_JobDescription__WEBPACK_IMPORTED_MODULE_1__[\"default\"], propsWithoutNiceToHave));\ncy.get('[data-cy=\"nice-to-have\"]').should('not.exist');",
              "err": {},
              "uuid": "d223e8c9-003c-4559-8a8e-1ee56905b1cb",
              "parentUUID": "3bc9333b-9344-4a57-8ded-e6999100c53b",
              "isHook": false,
              "skipped": false
            },
            {
              "title": "should have proper heading structure",
              "fullTitle": "JobDescription Component should have proper heading structure",
              "timedOut": null,
              "duration": 13,
              "state": "passed",
              "speed": "fast",
              "pass": true,
              "fail": false,
              "pending": false,
              "context": null,
              "code": "cy.get('[data-cy=\"responsibilities\"] h3').should('contain.text', 'Key Responsibilities:');\ncy.get('[data-cy=\"requirements\"] h3').should('contain.text', 'Required Skills & Qualifications:');\ncy.get('[data-cy=\"nice-to-have\"] h3').should('contain.text', 'Nice to Have:');",
              "err": {},
              "uuid": "7b470537-2b70-4876-b8b3-a42192e62653",
              "parentUUID": "3bc9333b-9344-4a57-8ded-e6999100c53b",
              "isHook": false,
              "skipped": false
            },
            {
              "title": "should be accessible with proper data attributes",
              "fullTitle": "JobDescription Component should be accessible with proper data attributes",
              "timedOut": null,
              "duration": 11,
              "state": "passed",
              "speed": "fast",
              "pass": true,
              "fail": false,
              "pending": false,
              "context": null,
              "code": "cy.get('[data-cy=\"job-description\"]').should('be.visible');\ncy.get('[data-cy=\"responsibilities\"]').should('be.visible');\ncy.get('[data-cy=\"requirements\"]').should('be.visible');",
              "err": {},
              "uuid": "e9b73502-b2f8-4be5-a86e-04d25fe1d01b",
              "parentUUID": "3bc9333b-9344-4a57-8ded-e6999100c53b",
              "isHook": false,
              "skipped": false
            }
          ],
          "suites": [],
          "passes": [
            "8e1a458c-95dc-42a3-ad23-74048a506b65",
            "e9eb3455-5653-43f3-aa76-50ebbf662623",
            "5be32ad9-59a3-4985-a22f-556b72757474",
            "9edfe8d7-f5ed-44f6-b2bc-b6d6880b8815",
            "d223e8c9-003c-4559-8a8e-1ee56905b1cb",
            "7b470537-2b70-4876-b8b3-a42192e62653",
            "e9b73502-b2f8-4be5-a86e-04d25fe1d01b"
          ],
          "failures": [],
          "pending": [],
          "skipped": [],
          "duration": 118,
          "root": false,
          "rootEmpty": false,
          "_timeout": 2000
        }
      ],
      "passes": [],
      "failures": [],
      "pending": [],
      "skipped": [],
      "duration": 0,
      "root": true,
      "rootEmpty": true,
      "_timeout": 2000
    }
  ],
  "meta": {
    "mocha": {
      "version": "7.0.1"
    },
    "mochawesome": {
      "options": {
        "quiet": false,
        "reportFilename": "mochawesome",
        "saveHtml": true,
        "saveJson": true,
        "consoleReporter": "spec",
        "useInlineDiffs": false,
        "code": true
      },
      "version": "7.1.3"
    },
    "marge": {
      "options": {
        "reportDir": "cypress/reports",
        "overwrite": false,
        "html": true,
        "json": true,
        "charts": true,
        "reportPageTitle": "Cypress Component Test Results",
        "embeddedScreenshots": true,
        "inlineAssets": true,
        "saveAllAttempts": false
      },
      "version": "6.2.0"
    }
  }
}