{
  "stats": {
    "suites": 1,
    "tests": 7,
    "passes": 7,
    "pending": 0,
    "failures": 0,
    "start": "2025-07-01T01:09:54.690Z",
    "end": "2025-07-01T01:10:01.189Z",
    "duration": 6499,
    "testsRegistered": 7,
    "passPercent": 100,
    "pendingPercent": 0,
    "other": 0,
    "hasOther": false,
    "skipped": 0,
    "hasSkipped": false
  },
  "results": [
    {
      "uuid": "02e54e7e-eb11-4038-9fa2-e3c17f22e52d",
      "title": "",
      "fullFile": "cypress\\component\\ApplyButton.cy.js",
      "file": "cypress\\component\\ApplyButton.cy.js",
      "beforeHooks": [],
      "afterHooks": [],
      "tests": [],
      "suites": [
        {
          "uuid": "4d8abe6b-4d89-4b59-8bcf-306006d18591",
          "title": "ApplyButton Component",
          "fullFile": "",
          "file": "",
          "beforeHooks": [],
          "afterHooks": [],
          "tests": [
            {
              "title": "should render apply button with correct text",
              "fullTitle": "ApplyButton Component should render apply button with correct text",
              "timedOut": null,
              "duration": 33,
              "state": "passed",
              "speed": "fast",
              "pass": true,
              "fail": false,
              "pending": false,
              "context": null,
              "code": "cy.get('[data-cy=\"apply-button\"]').should('be.visible').and('contain.text', 'Apply Now').and('not.be.disabled');",
              "err": {},
              "uuid": "fb9a4f35-8d09-42a0-8db4-c59fc5feb2fb",
              "parentUUID": "4d8abe6b-4d89-4b59-8bcf-306006d18591",
              "isHook": false,
              "skipped": false
            },
            {
              "title": "should show loading state when clicked",
              "fullTitle": "ApplyButton Component should show loading state when clicked",
              "timedOut": null,
              "duration": 97,
              "state": "passed",
              "speed": "fast",
              "pass": true,
              "fail": false,
              "pending": false,
              "context": null,
              "code": "cy.get('[data-cy=\"apply-button\"]').click();\ncy.get('[data-cy=\"apply-button\"]').should('contain.text', 'Applying...').and('be.disabled');",
              "err": {},
              "uuid": "a12d70af-a608-406f-b44f-674932aca828",
              "parentUUID": "4d8abe6b-4d89-4b59-8bcf-306006d18591",
              "isHook": false,
              "skipped": false
            },
            {
              "title": "should show success state after application",
              "fullTitle": "ApplyButton Component should show success state after application",
              "timedOut": null,
              "duration": 2071,
              "state": "passed",
              "speed": "slow",
              "pass": true,
              "fail": false,
              "pending": false,
              "context": null,
              "code": "cy.get('[data-cy=\"apply-button\"]').click();\n// Wait for loading to complete\ncy.get('[data-cy=\"apply-button\"]', {\n  timeout: 3000\n}).should('contain.text', 'Applied!').and('be.disabled');\ncy.get('[data-cy=\"application-status\"]').should('be.visible').and('contain.text', 'Application submitted successfully!');",
              "err": {},
              "uuid": "0d057fff-1cde-4856-8b86-f0c76be4c440",
              "parentUUID": "4d8abe6b-4d89-4b59-8bcf-306006d18591",
              "isHook": false,
              "skipped": false
            },
            {
              "title": "should handle disabled state",
              "fullTitle": "ApplyButton Component should handle disabled state",
              "timedOut": null,
              "duration": 11,
              "state": "passed",
              "speed": "fast",
              "pass": true,
              "fail": false,
              "pending": false,
              "context": null,
              "code": "cy.mount(/*#__PURE__*/react__WEBPACK_IMPORTED_MODULE_0___default().createElement(_src_components_ApplyButton__WEBPACK_IMPORTED_MODULE_1__[\"default\"], _extends({}, defaultProps, {\n  disabled: true\n})));\ncy.get('[data-cy=\"apply-button\"]').should('be.disabled').and('contain.text', 'Apply Now');",
              "err": {},
              "uuid": "d9389fc5-0606-46a3-897e-81ba6d61f031",
              "parentUUID": "4d8abe6b-4d89-4b59-8bcf-306006d18591",
              "isHook": false,
              "skipped": false
            },
            {
              "title": "should not allow multiple applications",
              "fullTitle": "ApplyButton Component should not allow multiple applications",
              "timedOut": null,
              "duration": 2124,
              "state": "passed",
              "speed": "slow",
              "pass": true,
              "fail": false,
              "pending": false,
              "context": null,
              "code": "cy.get('[data-cy=\"apply-button\"]').click();\n// Wait for application to complete\ncy.get('[data-cy=\"apply-button\"]', {\n  timeout: 3000\n}).should('contain.text', 'Applied!');\n// Verify button is disabled and cannot be clicked again\ncy.get('[data-cy=\"apply-button\"]').should('contain.text', 'Applied!').and('be.disabled');\n// Try to click again with force to verify it doesn't change state\ncy.get('[data-cy=\"apply-button\"]').click({\n  force: true\n});\n// Should still show applied state\ncy.get('[data-cy=\"apply-button\"]').should('contain.text', 'Applied!').and('be.disabled');",
              "err": {},
              "uuid": "b9ec95c8-715d-40bd-9974-cb4d67c2315c",
              "parentUUID": "4d8abe6b-4d89-4b59-8bcf-306006d18591",
              "isHook": false,
              "skipped": false
            },
            {
              "title": "should have proper accessibility attributes",
              "fullTitle": "ApplyButton Component should have proper accessibility attributes",
              "timedOut": null,
              "duration": 10,
              "state": "passed",
              "speed": "fast",
              "pass": true,
              "fail": false,
              "pending": false,
              "context": null,
              "code": "cy.get('[data-cy=\"apply-button\"]').should('exist');\ncy.get('[data-cy=\"apply-button\"]').should('be.visible');\ncy.get('[data-cy=\"apply-button\"]').should('not.be.disabled');",
              "err": {},
              "uuid": "15cb0f47-8f6c-4e81-aaa1-3598c6163610",
              "parentUUID": "4d8abe6b-4d89-4b59-8bcf-306006d18591",
              "isHook": false,
              "skipped": false
            },
            {
              "title": "should handle button state transitions correctly",
              "fullTitle": "ApplyButton Component should handle button state transitions correctly",
              "timedOut": null,
              "duration": 2063,
              "state": "passed",
              "speed": "slow",
              "pass": true,
              "fail": false,
              "pending": false,
              "context": null,
              "code": "// Initial state\ncy.get('[data-cy=\"apply-button\"]').should('contain.text', 'Apply Now').and('not.be.disabled');\n// Click to start loading\ncy.get('[data-cy=\"apply-button\"]').click();\n// Loading state\ncy.get('[data-cy=\"apply-button\"]').should('contain.text', 'Applying...').and('be.disabled');\n// Final state\ncy.get('[data-cy=\"apply-button\"]', {\n  timeout: 3000\n}).should('contain.text', 'Applied!').and('be.disabled');",
              "err": {},
              "uuid": "0736c2d5-4187-4151-a1f5-707d4498976f",
              "parentUUID": "4d8abe6b-4d89-4b59-8bcf-306006d18591",
              "isHook": false,
              "skipped": false
            }
          ],
          "suites": [],
          "passes": [
            "fb9a4f35-8d09-42a0-8db4-c59fc5feb2fb",
            "a12d70af-a608-406f-b44f-674932aca828",
            "0d057fff-1cde-4856-8b86-f0c76be4c440",
            "d9389fc5-0606-46a3-897e-81ba6d61f031",
            "b9ec95c8-715d-40bd-9974-cb4d67c2315c",
            "15cb0f47-8f6c-4e81-aaa1-3598c6163610",
            "0736c2d5-4187-4151-a1f5-707d4498976f"
          ],
          "failures": [],
          "pending": [],
          "skipped": [],
          "duration": 6409,
          "root": false,
          "rootEmpty": false,
          "_timeout": 2000
        }
      ],
      "passes": [],
      "failures": [],
      "pending": [],
      "skipped": [],
      "duration": 0,
      "root": true,
      "rootEmpty": true,
      "_timeout": 2000
    }
  ],
  "meta": {
    "mocha": {
      "version": "7.0.1"
    },
    "mochawesome": {
      "options": {
        "quiet": false,
        "reportFilename": "mochawesome",
        "saveHtml": true,
        "saveJson": true,
        "consoleReporter": "spec",
        "useInlineDiffs": false,
        "code": true
      },
      "version": "7.1.3"
    },
    "marge": {
      "options": {
        "reportDir": "cypress/reports",
        "overwrite": false,
        "html": true,
        "json": true,
        "charts": true,
        "reportPageTitle": "Cypress Component Test Results",
        "embeddedScreenshots": true,
        "inlineAssets": true,
        "saveAllAttempts": false
      },
      "version": "6.2.0"
    }
  }
}