{
  "stats": {
    "suites": 1,
    "tests": 5,
    "passes": 5,
    "pending": 0,
    "failures": 0,
    "start": "2025-07-01T01:10:05.652Z",
    "end": "2025-07-01T01:10:05.750Z",
    "duration": 98,
    "testsRegistered": 5,
    "passPercent": 100,
    "pendingPercent": 0,
    "other": 0,
    "hasOther": false,
    "skipped": 0,
    "hasSkipped": false
  },
  "results": [
    {
      "uuid": "f034ad49-07b2-4f3c-9b46-2b04f69d13ed",
      "title": "",
      "fullFile": "cypress\\component\\JobHeader.cy.js",
      "file": "cypress\\component\\JobHeader.cy.js",
      "beforeHooks": [],
      "afterHooks": [],
      "tests": [],
      "suites": [
        {
          "uuid": "90e8f127-10be-46a4-88fa-a71a1b2f26a7",
          "title": "JobHeader Component",
          "fullFile": "",
          "file": "",
          "beforeHooks": [],
          "afterHooks": [],
          "tests": [
            {
              "title": "should render job title correctly",
              "fullTitle": "JobHeader Component should render job title correctly",
              "timedOut": null,
              "duration": 33,
              "state": "passed",
              "speed": "fast",
              "pass": true,
              "fail": false,
              "pending": false,
              "context": null,
              "code": "cy.get('[data-cy=\"job-title\"]').should('be.visible').and('contain.text', 'Automation Lead');",
              "err": {},
              "uuid": "848f816c-898b-48d1-a0e2-947fd19c0dd1",
              "parentUUID": "90e8f127-10be-46a4-88fa-a71a1b2f26a7",
              "isHook": false,
              "skipped": false
            },
            {
              "title": "should display all job metadata",
              "fullTitle": "JobHeader Component should display all job metadata",
              "timedOut": null,
              "duration": 16,
              "state": "passed",
              "speed": "fast",
              "pass": true,
              "fail": false,
              "pending": false,
              "context": null,
              "code": "cy.get('[data-cy=\"job-date\"]').should('contain.text', '4 Jun 2025');\ncy.get('[data-cy=\"job-company\"]').should('contain.text', 'Qualitest Group');\ncy.get('[data-cy=\"job-location\"]').should('contain.text', 'US (remote from anywhere in the US - EST)');\ncy.get('[data-cy=\"job-salary\"]').should('contain.text', '$110,000 - $125,000 USD annually');",
              "err": {},
              "uuid": "25ec0b5b-6867-42b7-88e0-7d2d0f752f21",
              "parentUUID": "90e8f127-10be-46a4-88fa-a71a1b2f26a7",
              "isHook": false,
              "skipped": false
            },
            {
              "title": "should handle missing salary gracefully",
              "fullTitle": "JobHeader Component should handle missing salary gracefully",
              "timedOut": null,
              "duration": 10,
              "state": "passed",
              "speed": "fast",
              "pass": true,
              "fail": false,
              "pending": false,
              "context": null,
              "code": "var propsWithoutSalary = _objectSpread({}, defaultProps);\ndelete propsWithoutSalary.salary;\ncy.mount(/*#__PURE__*/react__WEBPACK_IMPORTED_MODULE_0___default().createElement(_src_components_JobHeader__WEBPACK_IMPORTED_MODULE_1__[\"default\"], propsWithoutSalary));\ncy.get('[data-cy=\"job-salary\"]').should('not.exist');",
              "err": {},
              "uuid": "f7df0a69-995c-4301-967a-2f0dfd78110f",
              "parentUUID": "90e8f127-10be-46a4-88fa-a71a1b2f26a7",
              "isHook": false,
              "skipped": false
            },
            {
              "title": "should have proper heading structure",
              "fullTitle": "JobHeader Component should have proper heading structure",
              "timedOut": null,
              "duration": 8,
              "state": "passed",
              "speed": "fast",
              "pass": true,
              "fail": false,
              "pending": false,
              "context": null,
              "code": "cy.get('[data-cy=\"job-title\"]').should('have.prop', 'tagName', 'H1');",
              "err": {},
              "uuid": "522ee7d0-6d29-44c8-8bb5-d80526340468",
              "parentUUID": "90e8f127-10be-46a4-88fa-a71a1b2f26a7",
              "isHook": false,
              "skipped": false
            },
            {
              "title": "should be accessible",
              "fullTitle": "JobHeader Component should be accessible",
              "timedOut": null,
              "duration": 10,
              "state": "passed",
              "speed": "fast",
              "pass": true,
              "fail": false,
              "pending": false,
              "context": null,
              "code": "cy.get('[data-cy=\"job-header\"]').should('be.visible');\ncy.get('[data-cy=\"job-title\"]').should('have.attr', 'data-cy');",
              "err": {},
              "uuid": "6d58a4be-b5be-49d5-b15f-c3b15fdd38c8",
              "parentUUID": "90e8f127-10be-46a4-88fa-a71a1b2f26a7",
              "isHook": false,
              "skipped": false
            }
          ],
          "suites": [],
          "passes": [
            "848f816c-898b-48d1-a0e2-947fd19c0dd1",
            "25ec0b5b-6867-42b7-88e0-7d2d0f752f21",
            "f7df0a69-995c-4301-967a-2f0dfd78110f",
            "522ee7d0-6d29-44c8-8bb5-d80526340468",
            "6d58a4be-b5be-49d5-b15f-c3b15fdd38c8"
          ],
          "failures": [],
          "pending": [],
          "skipped": [],
          "duration": 77,
          "root": false,
          "rootEmpty": false,
          "_timeout": 2000
        }
      ],
      "passes": [],
      "failures": [],
      "pending": [],
      "skipped": [],
      "duration": 0,
      "root": true,
      "rootEmpty": true,
      "_timeout": 2000
    }
  ],
  "meta": {
    "mocha": {
      "version": "7.0.1"
    },
    "mochawesome": {
      "options": {
        "quiet": false,
        "reportFilename": "mochawesome",
        "saveHtml": true,
        "saveJson": true,
        "consoleReporter": "spec",
        "useInlineDiffs": false,
        "code": true
      },
      "version": "7.1.3"
    },
    "marge": {
      "options": {
        "reportDir": "cypress/reports",
        "overwrite": false,
        "html": true,
        "json": true,
        "charts": true,
        "reportPageTitle": "Cypress Component Test Results",
        "embeddedScreenshots": true,
        "inlineAssets": true,
        "saveAllAttempts": false
      },
      "version": "6.2.0"
    }
  }
}