{
  "stats": {
    "suites": 5,
    "tests": 10,
    "passes": 10,
    "pending": 0,
    "failures": 0,
    "start": "2025-07-01T01:09:04.342Z",
    "end": "2025-07-01T01:09:04.961Z",
    "duration": 619,
    "testsRegistered": 10,
    "passPercent": 100,
    "pendingPercent": 0,
    "other": 0,
    "hasOther": false,
    "skipped": 0,
    "hasSkipped": false
  },
  "results": [
    {
      "uuid": "68ac1de5-896b-4349-b2ca-83300db3e0df",
      "title": "",
      "fullFile": "cypress\\e2e\\api_test.cy.js",
      "file": "cypress\\e2e\\api_test.cy.js",
      "beforeHooks": [],
      "afterHooks": [],
      "tests": [],
      "suites": [
        {
          "uuid": "72dfb2f1-db73-433a-9e0b-1aad318fb573",
          "title": "API Testing Suite",
          "fullFile": "",
          "file": "",
          "beforeHooks": [],
          "afterHooks": [],
          "tests": [],
          "suites": [
            {
              "uuid": "3179e044-daf4-4623-b506-ec61b1b72116",
              "title": "REST API Tests",
              "fullFile": "",
              "file": "",
              "beforeHooks": [],
              "afterHooks": [],
              "tests": [
                {
                  "title": "should GET posts list successfully",
                  "fullTitle": "API Testing Suite REST API Tests should GET posts list successfully",
                  "timedOut": null,
                  "duration": 136,
                  "state": "passed",
                  "speed": "fast",
                  "pass": true,
                  "fail": false,
                  "pending": false,
                  "context": null,
                  "code": "cy.request({\n  method: 'GET',\n  url: `${baseUrl}/posts`,\n  headers: {\n    'Content-Type': 'application/json'\n  }\n}).then(response => {\n  // Assert response status\n  expect(response.status).to.eq(200);\n  // Assert response structure\n  expect(response.body).to.be.an('array');\n  // Assert response data\n  expect(response.body).to.have.length.greaterThan(0);\n  // Check if posts have required properties\n  expect(response.body[0]).to.have.property('id');\n  expect(response.body[0]).to.have.property('title');\n  expect(response.body[0]).to.have.property('body');\n  expect(response.body[0]).to.have.property('userId');\n});",
                  "err": {},
                  "uuid": "61056c95-a5ac-4e57-9b39-c5c53774a0e8",
                  "parentUUID": "3179e044-daf4-4623-b506-ec61b1b72116",
                  "isHook": false,
                  "skipped": false
                },
                {
                  "title": "should GET specific post by ID",
                  "fullTitle": "API Testing Suite REST API Tests should GET specific post by ID",
                  "timedOut": null,
                  "duration": 35,
                  "state": "passed",
                  "speed": "fast",
                  "pass": true,
                  "fail": false,
                  "pending": false,
                  "context": null,
                  "code": "const postId = '1';\ncy.request({\n  method: 'GET',\n  url: `${baseUrl}/posts/${postId}`,\n  headers: {\n    'Content-Type': 'application/json'\n  }\n}).then(response => {\n  expect(response.status).to.eq(200);\n  expect(response.body).to.have.property('id', 1);\n  expect(response.body).to.have.property('title');\n  expect(response.body).to.have.property('body');\n  expect(response.body).to.have.property('userId');\n});",
                  "err": {},
                  "uuid": "bab229e7-f5a8-45ad-a05f-78bcff8e4f8b",
                  "parentUUID": "3179e044-daf4-4623-b506-ec61b1b72116",
                  "isHook": false,
                  "skipped": false
                },
                {
                  "title": "should POST new post",
                  "fullTitle": "API Testing Suite REST API Tests should POST new post",
                  "timedOut": null,
                  "duration": 57,
                  "state": "passed",
                  "speed": "fast",
                  "pass": true,
                  "fail": false,
                  "pending": false,
                  "context": null,
                  "code": "const postData = {\n  title: 'Test Post Title',\n  body: 'This is a test post body for API testing',\n  userId: 1\n};\ncy.request({\n  method: 'POST',\n  url: `${baseUrl}/posts`,\n  headers: {\n    'Content-Type': 'application/json'\n  },\n  body: postData\n}).then(response => {\n  expect(response.status).to.eq(201);\n  expect(response.body).to.have.property('id');\n  expect(response.body).to.have.property('title', postData.title);\n  expect(response.body).to.have.property('body', postData.body);\n  expect(response.body).to.have.property('userId', postData.userId);\n});",
                  "err": {},
                  "uuid": "2f7d293b-ebd4-446f-b5a4-abd597ab0526",
                  "parentUUID": "3179e044-daf4-4623-b506-ec61b1b72116",
                  "isHook": false,
                  "skipped": false
                },
                {
                  "title": "should handle 404 for non-existent post",
                  "fullTitle": "API Testing Suite REST API Tests should handle 404 for non-existent post",
                  "timedOut": null,
                  "duration": 33,
                  "state": "passed",
                  "speed": "fast",
                  "pass": true,
                  "fail": false,
                  "pending": false,
                  "context": null,
                  "code": "cy.request({\n  method: 'GET',\n  url: `${baseUrl}/posts/99999999`,\n  headers: {\n    'Content-Type': 'application/json'\n  },\n  failOnStatusCode: false\n}).then(response => {\n  expect(response.status).to.eq(404);\n  expect(response.body).to.be.empty;\n});",
                  "err": {},
                  "uuid": "c0ce55f1-f74f-4a35-bccf-c788bb4aef03",
                  "parentUUID": "3179e044-daf4-4623-b506-ec61b1b72116",
                  "isHook": false,
                  "skipped": false
                }
              ],
              "suites": [],
              "passes": [
                "61056c95-a5ac-4e57-9b39-c5c53774a0e8",
                "bab229e7-f5a8-45ad-a05f-78bcff8e4f8b",
                "2f7d293b-ebd4-446f-b5a4-abd597ab0526",
                "c0ce55f1-f74f-4a35-bccf-c788bb4aef03"
              ],
              "failures": [],
              "pending": [],
              "skipped": [],
              "duration": 261,
              "root": false,
              "rootEmpty": false,
              "_timeout": 2000
            },
            {
              "uuid": "f300e0de-aa96-44f9-a5b9-a9339df95188",
              "title": "Authentication & Authorization Tests",
              "fullFile": "",
              "file": "",
              "beforeHooks": [],
              "afterHooks": [],
              "tests": [
                {
                  "title": "should handle requests without authentication (public API)",
                  "fullTitle": "API Testing Suite Authentication & Authorization Tests should handle requests without authentication (public API)",
                  "timedOut": null,
                  "duration": 38,
                  "state": "passed",
                  "speed": "fast",
                  "pass": true,
                  "fail": false,
                  "pending": false,
                  "context": null,
                  "code": "cy.request({\n  method: 'GET',\n  url: `${baseUrl}/posts`,\n  headers: {\n    'Content-Type': 'application/json'\n  }\n}).then(response => {\n  expect(response.status).to.eq(200);\n  expect(response.body).to.be.an('array');\n});",
                  "err": {},
                  "uuid": "495e3819-5270-4ca1-bdd4-dfff79a37e77",
                  "parentUUID": "f300e0de-aa96-44f9-a5b9-a9339df95188",
                  "isHook": false,
                  "skipped": false
                },
                {
                  "title": "should handle requests with custom headers",
                  "fullTitle": "API Testing Suite Authentication & Authorization Tests should handle requests with custom headers",
                  "timedOut": null,
                  "duration": 31,
                  "state": "passed",
                  "speed": "fast",
                  "pass": true,
                  "fail": false,
                  "pending": false,
                  "context": null,
                  "code": "cy.request({\n  method: 'GET',\n  url: `${baseUrl}/posts/1`,\n  headers: {\n    'Content-Type': 'application/json',\n    'X-Custom-Header': 'test-value'\n  }\n}).then(response => {\n  expect(response.status).to.eq(200);\n  expect(response.body).to.have.property('id', 1);\n});",
                  "err": {},
                  "uuid": "fd8a097d-a1a1-4985-9abb-d023e889edcc",
                  "parentUUID": "f300e0de-aa96-44f9-a5b9-a9339df95188",
                  "isHook": false,
                  "skipped": false
                }
              ],
              "suites": [],
              "passes": [
                "495e3819-5270-4ca1-bdd4-dfff79a37e77",
                "fd8a097d-a1a1-4985-9abb-d023e889edcc"
              ],
              "failures": [],
              "pending": [],
              "skipped": [],
              "duration": 69,
              "root": false,
              "rootEmpty": false,
              "_timeout": 2000
            },
            {
              "uuid": "5ddb1df2-ba7d-4b63-82d8-413f18ceb344",
              "title": "Data Validation Tests",
              "fullFile": "",
              "file": "",
              "beforeHooks": [],
              "afterHooks": [],
              "tests": [
                {
                  "title": "should validate post data structure",
                  "fullTitle": "API Testing Suite Data Validation Tests should validate post data structure",
                  "timedOut": null,
                  "duration": 35,
                  "state": "passed",
                  "speed": "fast",
                  "pass": true,
                  "fail": false,
                  "pending": false,
                  "context": null,
                  "code": "const validPost = {\n  title: 'Valid Post Title',\n  body: 'Valid post body content',\n  userId: 1\n};\ncy.request({\n  method: 'POST',\n  url: `${baseUrl}/posts`,\n  headers: {\n    'Content-Type': 'application/json'\n  },\n  body: validPost\n}).then(response => {\n  expect(response.status).to.eq(201);\n  expect(response.body).to.have.property('id');\n  expect(response.body.title).to.eq(validPost.title);\n  expect(response.body.body).to.eq(validPost.body);\n  expect(response.body.userId).to.eq(validPost.userId);\n});",
                  "err": {},
                  "uuid": "70db676f-b122-4ff9-abac-cd46c45dd4ca",
                  "parentUUID": "5ddb1df2-ba7d-4b63-82d8-413f18ceb344",
                  "isHook": false,
                  "skipped": false
                },
                {
                  "title": "should handle missing required fields gracefully",
                  "fullTitle": "API Testing Suite Data Validation Tests should handle missing required fields gracefully",
                  "timedOut": null,
                  "duration": 38,
                  "state": "passed",
                  "speed": "fast",
                  "pass": true,
                  "fail": false,
                  "pending": false,
                  "context": null,
                  "code": "const incompletePost = {\n  title: 'Incomplete Post'\n  // Missing body and userId\n};\ncy.request({\n  method: 'POST',\n  url: `${baseUrl}/posts`,\n  headers: {\n    'Content-Type': 'application/json'\n  },\n  body: incompletePost\n}).then(response => {\n  // JSONPlaceholder doesn't validate, so it returns 201\n  expect(response.status).to.eq(201);\n  expect(response.body).to.have.property('id');\n});",
                  "err": {},
                  "uuid": "773af6bc-61c5-48ed-821c-d5015a8e8f0d",
                  "parentUUID": "5ddb1df2-ba7d-4b63-82d8-413f18ceb344",
                  "isHook": false,
                  "skipped": false
                }
              ],
              "suites": [],
              "passes": [
                "70db676f-b122-4ff9-abac-cd46c45dd4ca",
                "773af6bc-61c5-48ed-821c-d5015a8e8f0d"
              ],
              "failures": [],
              "pending": [],
              "skipped": [],
              "duration": 73,
              "root": false,
              "rootEmpty": false,
              "_timeout": 2000
            },
            {
              "uuid": "57074178-4169-4eb5-aaf6-5a93d7c51e7a",
              "title": "Performance & Load Tests",
              "fullFile": "",
              "file": "",
              "beforeHooks": [],
              "afterHooks": [],
              "tests": [
                {
                  "title": "should respond within acceptable time",
                  "fullTitle": "API Testing Suite Performance & Load Tests should respond within acceptable time",
                  "timedOut": null,
                  "duration": 41,
                  "state": "passed",
                  "speed": "fast",
                  "pass": true,
                  "fail": false,
                  "pending": false,
                  "context": null,
                  "code": "cy.request({\n  method: 'GET',\n  url: `${baseUrl}/posts`,\n  headers: {\n    'Content-Type': 'application/json'\n  }\n}).then(response => {\n  expect(response.status).to.eq(200);\n  // Assert response time is under 5 seconds\n  expect(response.duration).to.be.lessThan(5000);\n});",
                  "err": {},
                  "uuid": "8488c658-e155-4912-b8aa-2b1fbc488198",
                  "parentUUID": "57074178-4169-4eb5-aaf6-5a93d7c51e7a",
                  "isHook": false,
                  "skipped": false
                },
                {
                  "title": "should handle multiple sequential requests",
                  "fullTitle": "API Testing Suite Performance & Load Tests should handle multiple sequential requests",
                  "timedOut": null,
                  "duration": 81,
                  "state": "passed",
                  "speed": "fast",
                  "pass": true,
                  "fail": false,
                  "pending": false,
                  "context": null,
                  "code": "// Make multiple sequential requests instead of concurrent\ncy.request({\n  method: 'GET',\n  url: `${baseUrl}/posts/1`,\n  headers: {\n    'Content-Type': 'application/json'\n  }\n}).then(response => {\n  expect(response.status).to.eq(200);\n});\ncy.request({\n  method: 'GET',\n  url: `${baseUrl}/posts/2`,\n  headers: {\n    'Content-Type': 'application/json'\n  }\n}).then(response => {\n  expect(response.status).to.eq(200);\n});\ncy.request({\n  method: 'GET',\n  url: `${baseUrl}/posts/3`,\n  headers: {\n    'Content-Type': 'application/json'\n  }\n}).then(response => {\n  expect(response.status).to.eq(200);\n});",
                  "err": {},
                  "uuid": "703a79da-c957-4cde-bac6-ec45d9254f75",
                  "parentUUID": "57074178-4169-4eb5-aaf6-5a93d7c51e7a",
                  "isHook": false,
                  "skipped": false
                }
              ],
              "suites": [],
              "passes": [
                "8488c658-e155-4912-b8aa-2b1fbc488198",
                "703a79da-c957-4cde-bac6-ec45d9254f75"
              ],
              "failures": [],
              "pending": [],
              "skipped": [],
              "duration": 122,
              "root": false,
              "rootEmpty": false,
              "_timeout": 2000
            }
          ],
          "passes": [],
          "failures": [],
          "pending": [],
          "skipped": [],
          "duration": 0,
          "root": false,
          "rootEmpty": false,
          "_timeout": 2000
        }
      ],
      "passes": [],
      "failures": [],
      "pending": [],
      "skipped": [],
      "duration": 0,
      "root": true,
      "rootEmpty": true,
      "_timeout": 2000
    }
  ],
  "meta": {
    "mocha": {
      "version": "7.0.1"
    },
    "mochawesome": {
      "options": {
        "quiet": false,
        "reportFilename": "mochawesome",
        "saveHtml": true,
        "saveJson": true,
        "consoleReporter": "spec",
        "useInlineDiffs": false,
        "code": true
      },
      "version": "7.1.3"
    },
    "marge": {
      "options": {
        "reportDir": "cypress/reports",
        "overwrite": false,
        "html": true,
        "json": true,
        "charts": true,
        "reportPageTitle": "Cypress Test Results",
        "embeddedScreenshots": true,
        "inlineAssets": true,
        "saveAllAttempts": false
      },
      "version": "6.2.0"
    }
  }
}