{
  "stats": {
    "suites": 1,
    "tests": 5,
    "passes": 5,
    "pending": 0,
    "failures": 0,
    "start": "2025-07-01T01:09:37.751Z",
    "end": "2025-07-01T01:09:37.856Z",
    "duration": 105,
    "testsRegistered": 5,
    "passPercent": 100,
    "pendingPercent": 0,
    "other": 0,
    "hasOther": false,
    "skipped": 0,
    "hasSkipped": false
  },
  "results": [
    {
      "uuid": "236f09ef-3d08-4efb-a909-54edf202203d",
      "title": "",
      "fullFile": "cypress\\component\\JobHeader.cy.js",
      "file": "cypress\\component\\JobHeader.cy.js",
      "beforeHooks": [],
      "afterHooks": [],
      "tests": [],
      "suites": [
        {
          "uuid": "37977582-3304-4cb7-9b95-9df7edf068fe",
          "title": "JobHeader Component",
          "fullFile": "",
          "file": "",
          "beforeHooks": [],
          "afterHooks": [],
          "tests": [
            {
              "title": "should render job title correctly",
              "fullTitle": "JobHeader Component should render job title correctly",
              "timedOut": null,
              "duration": 36,
              "state": "passed",
              "speed": "fast",
              "pass": true,
              "fail": false,
              "pending": false,
              "context": null,
              "code": "cy.get('[data-cy=\"job-title\"]').should('be.visible').and('contain.text', 'Automation Lead');",
              "err": {},
              "uuid": "301abf27-7c49-43b4-93e5-88a1ddb7a12c",
              "parentUUID": "37977582-3304-4cb7-9b95-9df7edf068fe",
              "isHook": false,
              "skipped": false
            },
            {
              "title": "should display all job metadata",
              "fullTitle": "JobHeader Component should display all job metadata",
              "timedOut": null,
              "duration": 16,
              "state": "passed",
              "speed": "fast",
              "pass": true,
              "fail": false,
              "pending": false,
              "context": null,
              "code": "cy.get('[data-cy=\"job-date\"]').should('contain.text', '4 Jun 2025');\ncy.get('[data-cy=\"job-company\"]').should('contain.text', 'Qualitest Group');\ncy.get('[data-cy=\"job-location\"]').should('contain.text', 'US (remote from anywhere in the US - EST)');\ncy.get('[data-cy=\"job-salary\"]').should('contain.text', '$110,000 - $125,000 USD annually');",
              "err": {},
              "uuid": "49e886b3-64a8-4656-953d-979c553fe788",
              "parentUUID": "37977582-3304-4cb7-9b95-9df7edf068fe",
              "isHook": false,
              "skipped": false
            },
            {
              "title": "should handle missing salary gracefully",
              "fullTitle": "JobHeader Component should handle missing salary gracefully",
              "timedOut": null,
              "duration": 12,
              "state": "passed",
              "speed": "fast",
              "pass": true,
              "fail": false,
              "pending": false,
              "context": null,
              "code": "var propsWithoutSalary = _objectSpread({}, defaultProps);\ndelete propsWithoutSalary.salary;\ncy.mount(/*#__PURE__*/react__WEBPACK_IMPORTED_MODULE_0___default().createElement(_src_components_JobHeader__WEBPACK_IMPORTED_MODULE_1__[\"default\"], propsWithoutSalary));\ncy.get('[data-cy=\"job-salary\"]').should('not.exist');",
              "err": {},
              "uuid": "e7480a92-cdbe-46a5-8cc6-36403b451b24",
              "parentUUID": "37977582-3304-4cb7-9b95-9df7edf068fe",
              "isHook": false,
              "skipped": false
            },
            {
              "title": "should have proper heading structure",
              "fullTitle": "JobHeader Component should have proper heading structure",
              "timedOut": null,
              "duration": 9,
              "state": "passed",
              "speed": "fast",
              "pass": true,
              "fail": false,
              "pending": false,
              "context": null,
              "code": "cy.get('[data-cy=\"job-title\"]').should('have.prop', 'tagName', 'H1');",
              "err": {},
              "uuid": "9797a905-5637-4dcf-93ee-aaeb96383e6e",
              "parentUUID": "37977582-3304-4cb7-9b95-9df7edf068fe",
              "isHook": false,
              "skipped": false
            },
            {
              "title": "should be accessible",
              "fullTitle": "JobHeader Component should be accessible",
              "timedOut": null,
              "duration": 11,
              "state": "passed",
              "speed": "fast",
              "pass": true,
              "fail": false,
              "pending": false,
              "context": null,
              "code": "cy.get('[data-cy=\"job-header\"]').should('be.visible');\ncy.get('[data-cy=\"job-title\"]').should('have.attr', 'data-cy');",
              "err": {},
              "uuid": "40d085eb-dd5c-41df-833f-06005121eb28",
              "parentUUID": "37977582-3304-4cb7-9b95-9df7edf068fe",
              "isHook": false,
              "skipped": false
            }
          ],
          "suites": [],
          "passes": [
            "301abf27-7c49-43b4-93e5-88a1ddb7a12c",
            "49e886b3-64a8-4656-953d-979c553fe788",
            "e7480a92-cdbe-46a5-8cc6-36403b451b24",
            "9797a905-5637-4dcf-93ee-aaeb96383e6e",
            "40d085eb-dd5c-41df-833f-06005121eb28"
          ],
          "failures": [],
          "pending": [],
          "skipped": [],
          "duration": 84,
          "root": false,
          "rootEmpty": false,
          "_timeout": 2000
        }
      ],
      "passes": [],
      "failures": [],
      "pending": [],
      "skipped": [],
      "duration": 0,
      "root": true,
      "rootEmpty": true,
      "_timeout": 2000
    }
  ],
  "meta": {
    "mocha": {
      "version": "7.0.1"
    },
    "mochawesome": {
      "options": {
        "quiet": false,
        "reportFilename": "mochawesome",
        "saveHtml": true,
        "saveJson": true,
        "consoleReporter": "spec",
        "useInlineDiffs": false,
        "code": true
      },
      "version": "7.1.3"
    },
    "marge": {
      "options": {
        "reportDir": "cypress/reports",
        "overwrite": false,
        "html": true,
        "json": true,
        "charts": true,
        "reportPageTitle": "Cypress Component Test Results",
        "embeddedScreenshots": true,
        "inlineAssets": true,
        "saveAllAttempts": false
      },
      "version": "6.2.0"
    }
  }
}