{
  "stats": {
    "suites": 1,
    "tests": 1,
    "passes": 1,
    "pending": 0,
    "failures": 0,
    "start": "2025-07-01T00:20:56.018Z",
    "end": "2025-07-01T00:21:03.890Z",
    "duration": 7872,
    "testsRegistered": 1,
    "passPercent": 100,
    "pendingPercent": 0,
    "other": 0,
    "hasOther": false,
    "skipped": 0,
    "hasSkipped": false
  },
  "results": [
    {
      "uuid": "c2771553-6542-4c44-bcc2-3b5c1b1870d7",
      "title": "",
      "fullFile": "cypress\\e2e\\qualitest_home.cy.js",
      "file": "cypress\\e2e\\qualitest_home.cy.js",
      "beforeHooks": [],
      "afterHooks": [],
      "tests": [],
      "suites": [
        {
          "uuid": "1d83c053-bc41-4f14-a55c-3fade2f040d5",
          "title": "Qualitest Careers Home Page",
          "fullFile": "",
          "file": "",
          "beforeHooks": [],
          "afterHooks": [],
          "tests": [
            {
              "title": "should display the Qualitest brand text",
              "fullTitle": "Qualitest Careers Home Page should display the Qualitest brand text",
              "timedOut": null,
              "duration": 7783,
              "state": "passed",
              "speed": "medium",
              "pass": true,
              "fail": false,
              "pending": false,
              "context": null,
              "code": "cy.on('uncaught:exception', (err, runnable) => {\n  // returning false here prevents Cypress from failing the test\n  return false;\n});\ncy.visit('https://careers.qualitestgroup.com/');\ncy.contains('Qualitest', {\n  timeout: 10000\n}).should('be.visible');",
              "err": {},
              "uuid": "606abe09-7c69-46dc-b2b8-887f705ae2ce",
              "parentUUID": "1d83c053-bc41-4f14-a55c-3fade2f040d5",
              "isHook": false,
              "skipped": false
            }
          ],
          "suites": [],
          "passes": [
            "606abe09-7c69-46dc-b2b8-887f705ae2ce"
          ],
          "failures": [],
          "pending": [],
          "skipped": [],
          "duration": 7783,
          "root": false,
          "rootEmpty": false,
          "_timeout": 2000
        }
      ],
      "passes": [],
      "failures": [],
      "pending": [],
      "skipped": [],
      "duration": 0,
      "root": true,
      "rootEmpty": true,
      "_timeout": 2000
    }
  ],
  "meta": {
    "mocha": {
      "version": "7.0.1"
    },
    "mochawesome": {
      "options": {
        "quiet": false,
        "reportFilename": "mochawesome",
        "saveHtml": true,
        "saveJson": true,
        "consoleReporter": "spec",
        "useInlineDiffs": false,
        "code": true
      },
      "version": "7.1.3"
    },
    "marge": {
      "options": {
        "reportDir": "cypress/reports",
        "overwrite": false,
        "html": true,
        "json": true,
        "charts": true,
        "reportPageTitle": "Cypress Test Results",
        "embeddedScreenshots": true,
        "inlineAssets": true,
        "saveAllAttempts": false
      },
      "version": "6.2.0"
    }
  }
}