{
  "stats": {
    "suites": 1,
    "tests": 1,
    "passes": 1,
    "pending": 0,
    "failures": 0,
    "start": "2025-07-01T00:20:54.798Z",
    "end": "2025-07-01T00:21:03.071Z",
    "duration": 8273,
    "testsRegistered": 1,
    "passPercent": 100,
    "pendingPercent": 0,
    "other": 0,
    "hasOther": false,
    "skipped": 0,
    "hasSkipped": false
  },
  "results": [
    {
      "uuid": "4c61cbb1-d7c3-4d85-a647-a1d6a2afe687",
      "title": "",
      "fullFile": "cypress\\e2e\\qualitest_job.cy.js",
      "file": "cypress\\e2e\\qualitest_job.cy.js",
      "beforeHooks": [],
      "afterHooks": [],
      "tests": [],
      "suites": [
        {
          "uuid": "40251b64-fc6d-4665-bbfd-256aa874e3ce",
          "title": "Qualitest Automation Lead Job Page",
          "fullFile": "",
          "file": "",
          "beforeHooks": [],
          "afterHooks": [],
          "tests": [
            {
              "title": "should display the job title",
              "fullTitle": "Qualitest Automation Lead Job Page should display the job title",
              "timedOut": null,
              "duration": 8216,
              "state": "passed",
              "speed": "medium",
              "pass": true,
              "fail": false,
              "pending": false,
              "context": null,
              "code": "cy.on('uncaught:exception', (err, runnable) => {\n  // returning false here prevents Cypress from failing the test\n  return false;\n});\ncy.visit('https://careers.qualitestgroup.com/job/Santa-Clara-Automation-Lead-CA-95054/39414944/', {\n  failOnStatusCode: false\n});\ncy.contains('Automation Lead', {\n  timeout: 20000\n}).should('be.visible');",
              "err": {},
              "uuid": "259a8f30-ecb4-47f6-bcc9-45163fb7623c",
              "parentUUID": "40251b64-fc6d-4665-bbfd-256aa874e3ce",
              "isHook": false,
              "skipped": false
            }
          ],
          "suites": [],
          "passes": [
            "259a8f30-ecb4-47f6-bcc9-45163fb7623c"
          ],
          "failures": [],
          "pending": [],
          "skipped": [],
          "duration": 8216,
          "root": false,
          "rootEmpty": false,
          "_timeout": 2000
        }
      ],
      "passes": [],
      "failures": [],
      "pending": [],
      "skipped": [],
      "duration": 0,
      "root": true,
      "rootEmpty": true,
      "_timeout": 2000
    }
  ],
  "meta": {
    "mocha": {
      "version": "7.0.1"
    },
    "mochawesome": {
      "options": {
        "quiet": false,
        "reportFilename": "mochawesome",
        "saveHtml": true,
        "saveJson": true,
        "consoleReporter": "spec",
        "useInlineDiffs": false,
        "code": true
      },
      "version": "7.1.3"
    },
    "marge": {
      "options": {
        "reportDir": "cypress/reports",
        "overwrite": false,
        "html": true,
        "json": true,
        "charts": true,
        "reportPageTitle": "Cypress Test Results",
        "embeddedScreenshots": true,
        "inlineAssets": true,
        "saveAllAttempts": false
      },
      "version": "6.2.0"
    }
  }
}