{
  "stats": {
    "suites": 1,
    "tests": 7,
    "passes": 7,
    "pending": 0,
    "failures": 0,
    "start": "2025-07-01T00:27:25.343Z",
    "end": "2025-07-01T00:27:31.833Z",
    "duration": 6490,
    "testsRegistered": 7,
    "passPercent": 100,
    "pendingPercent": 0,
    "other": 0,
    "hasOther": false,
    "skipped": 0,
    "hasSkipped": false
  },
  "results": [
    {
      "uuid": "d373cf69-3aae-44fd-87b2-d9eaa7a97091",
      "title": "",
      "fullFile": "cypress\\component\\ApplyButton.cy.js",
      "file": "cypress\\component\\ApplyButton.cy.js",
      "beforeHooks": [],
      "afterHooks": [],
      "tests": [],
      "suites": [
        {
          "uuid": "a66503f8-61e8-40f8-acab-474a530f1269",
          "title": "ApplyButton Component",
          "fullFile": "",
          "file": "",
          "beforeHooks": [],
          "afterHooks": [],
          "tests": [
            {
              "title": "should render apply button with correct text",
              "fullTitle": "ApplyButton Component should render apply button with correct text",
              "timedOut": null,
              "duration": 33,
              "state": "passed",
              "speed": "fast",
              "pass": true,
              "fail": false,
              "pending": false,
              "context": null,
              "code": "cy.get('[data-cy=\"apply-button\"]').should('be.visible').and('contain.text', 'Apply Now').and('not.be.disabled');",
              "err": {},
              "uuid": "68818099-c8a2-4494-ada3-19770a560f32",
              "parentUUID": "a66503f8-61e8-40f8-acab-474a530f1269",
              "isHook": false,
              "skipped": false
            },
            {
              "title": "should show loading state when clicked",
              "fullTitle": "ApplyButton Component should show loading state when clicked",
              "timedOut": null,
              "duration": 91,
              "state": "passed",
              "speed": "fast",
              "pass": true,
              "fail": false,
              "pending": false,
              "context": null,
              "code": "cy.get('[data-cy=\"apply-button\"]').click();\ncy.get('[data-cy=\"apply-button\"]').should('contain.text', 'Applying...').and('be.disabled');",
              "err": {},
              "uuid": "b7b0bb25-937e-4257-aeac-a41e2d051701",
              "parentUUID": "a66503f8-61e8-40f8-acab-474a530f1269",
              "isHook": false,
              "skipped": false
            },
            {
              "title": "should show success state after application",
              "fullTitle": "ApplyButton Component should show success state after application",
              "timedOut": null,
              "duration": 2069,
              "state": "passed",
              "speed": "slow",
              "pass": true,
              "fail": false,
              "pending": false,
              "context": null,
              "code": "cy.get('[data-cy=\"apply-button\"]').click();\n// Wait for loading to complete\ncy.get('[data-cy=\"apply-button\"]', {\n  timeout: 3000\n}).should('contain.text', 'Applied!').and('be.disabled');\ncy.get('[data-cy=\"application-status\"]').should('be.visible').and('contain.text', 'Application submitted successfully!');",
              "err": {},
              "uuid": "74bc0973-49b4-4c4d-aca3-03dcd3bacd3b",
              "parentUUID": "a66503f8-61e8-40f8-acab-474a530f1269",
              "isHook": false,
              "skipped": false
            },
            {
              "title": "should handle disabled state",
              "fullTitle": "ApplyButton Component should handle disabled state",
              "timedOut": null,
              "duration": 13,
              "state": "passed",
              "speed": "fast",
              "pass": true,
              "fail": false,
              "pending": false,
              "context": null,
              "code": "cy.mount(/*#__PURE__*/react__WEBPACK_IMPORTED_MODULE_0___default().createElement(_src_components_ApplyButton__WEBPACK_IMPORTED_MODULE_1__[\"default\"], _extends({}, defaultProps, {\n  disabled: true\n})));\ncy.get('[data-cy=\"apply-button\"]').should('be.disabled').and('contain.text', 'Apply Now');",
              "err": {},
              "uuid": "6b86bb7a-2f24-4195-9af3-c65e58d86839",
              "parentUUID": "a66503f8-61e8-40f8-acab-474a530f1269",
              "isHook": false,
              "skipped": false
            },
            {
              "title": "should not allow multiple applications",
              "fullTitle": "ApplyButton Component should not allow multiple applications",
              "timedOut": null,
              "duration": 2124,
              "state": "passed",
              "speed": "slow",
              "pass": true,
              "fail": false,
              "pending": false,
              "context": null,
              "code": "cy.get('[data-cy=\"apply-button\"]').click();\n// Wait for application to complete\ncy.get('[data-cy=\"apply-button\"]', {\n  timeout: 3000\n}).should('contain.text', 'Applied!');\n// Verify button is disabled and cannot be clicked again\ncy.get('[data-cy=\"apply-button\"]').should('contain.text', 'Applied!').and('be.disabled');\n// Try to click again with force to verify it doesn't change state\ncy.get('[data-cy=\"apply-button\"]').click({\n  force: true\n});\n// Should still show applied state\ncy.get('[data-cy=\"apply-button\"]').should('contain.text', 'Applied!').and('be.disabled');",
              "err": {},
              "uuid": "254daac4-05a5-4db8-aa9b-f85b720e7ceb",
              "parentUUID": "a66503f8-61e8-40f8-acab-474a530f1269",
              "isHook": false,
              "skipped": false
            },
            {
              "title": "should have proper accessibility attributes",
              "fullTitle": "ApplyButton Component should have proper accessibility attributes",
              "timedOut": null,
              "duration": 11,
              "state": "passed",
              "speed": "fast",
              "pass": true,
              "fail": false,
              "pending": false,
              "context": null,
              "code": "cy.get('[data-cy=\"apply-button\"]').should('exist');\ncy.get('[data-cy=\"apply-button\"]').should('be.visible');\ncy.get('[data-cy=\"apply-button\"]').should('not.be.disabled');",
              "err": {},
              "uuid": "322b973e-1051-400d-9a3b-7f768703ddf8",
              "parentUUID": "a66503f8-61e8-40f8-acab-474a530f1269",
              "isHook": false,
              "skipped": false
            },
            {
              "title": "should handle button state transitions correctly",
              "fullTitle": "ApplyButton Component should handle button state transitions correctly",
              "timedOut": null,
              "duration": 2064,
              "state": "passed",
              "speed": "slow",
              "pass": true,
              "fail": false,
              "pending": false,
              "context": null,
              "code": "// Initial state\ncy.get('[data-cy=\"apply-button\"]').should('contain.text', 'Apply Now').and('not.be.disabled');\n// Click to start loading\ncy.get('[data-cy=\"apply-button\"]').click();\n// Loading state\ncy.get('[data-cy=\"apply-button\"]').should('contain.text', 'Applying...').and('be.disabled');\n// Final state\ncy.get('[data-cy=\"apply-button\"]', {\n  timeout: 3000\n}).should('contain.text', 'Applied!').and('be.disabled');",
              "err": {},
              "uuid": "3ed5ea37-ff47-40e3-bf00-27a0d1abddbc",
              "parentUUID": "a66503f8-61e8-40f8-acab-474a530f1269",
              "isHook": false,
              "skipped": false
            }
          ],
          "suites": [],
          "passes": [
            "68818099-c8a2-4494-ada3-19770a560f32",
            "b7b0bb25-937e-4257-aeac-a41e2d051701",
            "74bc0973-49b4-4c4d-aca3-03dcd3bacd3b",
            "6b86bb7a-2f24-4195-9af3-c65e58d86839",
            "254daac4-05a5-4db8-aa9b-f85b720e7ceb",
            "322b973e-1051-400d-9a3b-7f768703ddf8",
            "3ed5ea37-ff47-40e3-bf00-27a0d1abddbc"
          ],
          "failures": [],
          "pending": [],
          "skipped": [],
          "duration": 6405,
          "root": false,
          "rootEmpty": false,
          "_timeout": 2000
        }
      ],
      "passes": [],
      "failures": [],
      "pending": [],
      "skipped": [],
      "duration": 0,
      "root": true,
      "rootEmpty": true,
      "_timeout": 2000
    }
  ],
  "meta": {
    "mocha": {
      "version": "7.0.1"
    },
    "mochawesome": {
      "options": {
        "quiet": false,
        "reportFilename": "mochawesome",
        "saveHtml": true,
        "saveJson": true,
        "consoleReporter": "spec",
        "useInlineDiffs": false,
        "code": true
      },
      "version": "7.1.3"
    },
    "marge": {
      "options": {
        "reportDir": "cypress/reports",
        "overwrite": false,
        "html": true,
        "json": true,
        "charts": true,
        "reportPageTitle": "Cypress Component Test Results",
        "embeddedScreenshots": true,
        "inlineAssets": true,
        "saveAllAttempts": false
      },
      "version": "6.2.0"
    }
  }
}