{
  "stats": {
    "suites": 1,
    "tests": 8,
    "passes": 8,
    "pending": 0,
    "failures": 0,
    "start": "2025-07-01T00:27:32.889Z",
    "end": "2025-07-01T00:27:33.041Z",
    "duration": 152,
    "testsRegistered": 8,
    "passPercent": 100,
    "pendingPercent": 0,
    "other": 0,
    "hasOther": false,
    "skipped": 0,
    "hasSkipped": false
  },
  "results": [
    {
      "uuid": "d823e557-1264-4f6c-a9a3-5f802f63d5ef",
      "title": "",
      "fullFile": "cypress\\component\\CompanyBenefits.cy.js",
      "file": "cypress\\component\\CompanyBenefits.cy.js",
      "beforeHooks": [],
      "afterHooks": [],
      "tests": [],
      "suites": [
        {
          "uuid": "1fd56383-f147-49c4-9df7-4ab4ebb1128b",
          "title": "CompanyBenefits Component",
          "fullFile": "",
          "file": "",
          "beforeHooks": [],
          "afterHooks": [],
          "tests": [
            {
              "title": "should render company benefits section",
              "fullTitle": "CompanyBenefits Component should render company benefits section",
              "timedOut": null,
              "duration": 38,
              "state": "passed",
              "speed": "fast",
              "pass": true,
              "fail": false,
              "pending": false,
              "context": null,
              "code": "cy.get('[data-cy=\"company-benefits\"]').should('be.visible');",
              "err": {},
              "uuid": "ed21dc53-c121-4d5b-a0ea-b43de7341e3e",
              "parentUUID": "1fd56383-f147-49c4-9df7-4ab4ebb1128b",
              "isHook": false,
              "skipped": false
            },
            {
              "title": "should display the correct heading",
              "fullTitle": "CompanyBenefits Component should display the correct heading",
              "timedOut": null,
              "duration": 12,
              "state": "passed",
              "speed": "fast",
              "pass": true,
              "fail": false,
              "pending": false,
              "context": null,
              "code": "cy.get('[data-cy=\"company-benefits\"] h3').should('contain.text', 'Why QualiTest?');",
              "err": {},
              "uuid": "3fb49ffe-7e79-4f03-8c26-047d6eb55c6f",
              "parentUUID": "1fd56383-f147-49c4-9df7-4ab4ebb1128b",
              "isHook": false,
              "skipped": false
            },
            {
              "title": "should display all benefits",
              "fullTitle": "CompanyBenefits Component should display all benefits",
              "timedOut": null,
              "duration": 16,
              "state": "passed",
              "speed": "fast",
              "pass": true,
              "fail": false,
              "pending": false,
              "context": null,
              "code": "cy.get('[data-cy=\"company-benefits\"] ul li').should('have.length', 11);\n// Check specific benefits\ncy.get('[data-cy=\"benefit-0\"]').should('contain.text', 'diversity and inclusion');\ncy.get('[data-cy=\"benefit-4\"]').should('contain.text', '401k plan');\ncy.get('[data-cy=\"benefit-8\"]').should('contain.text', 'Salary of 110,000 - $125,000 USD annually');",
              "err": {},
              "uuid": "11275e64-4f3f-482f-8c70-5ae031f637fe",
              "parentUUID": "1fd56383-f147-49c4-9df7-4ab4ebb1128b",
              "isHook": false,
              "skipped": false
            },
            {
              "title": "should handle empty benefits array",
              "fullTitle": "CompanyBenefits Component should handle empty benefits array",
              "timedOut": null,
              "duration": 10,
              "state": "passed",
              "speed": "fast",
              "pass": true,
              "fail": false,
              "pending": false,
              "context": null,
              "code": "cy.mount(/*#__PURE__*/react__WEBPACK_IMPORTED_MODULE_0___default().createElement(_src_components_CompanyBenefits__WEBPACK_IMPORTED_MODULE_1__[\"default\"], {\n  benefits: []\n}));\ncy.get('[data-cy=\"company-benefits\"] ul li').should('have.length', 0);",
              "err": {},
              "uuid": "6c48cdf7-1f1c-4ba7-ba65-b26ac9ba2ced",
              "parentUUID": "1fd56383-f147-49c4-9df7-4ab4ebb1128b",
              "isHook": false,
              "skipped": false
            },
            {
              "title": "should handle single benefit",
              "fullTitle": "CompanyBenefits Component should handle single benefit",
              "timedOut": null,
              "duration": 11,
              "state": "passed",
              "speed": "fast",
              "pass": true,
              "fail": false,
              "pending": false,
              "context": null,
              "code": "var singleBenefit = ['Single benefit item'];\ncy.mount(/*#__PURE__*/react__WEBPACK_IMPORTED_MODULE_0___default().createElement(_src_components_CompanyBenefits__WEBPACK_IMPORTED_MODULE_1__[\"default\"], {\n  benefits: singleBenefit\n}));\ncy.get('[data-cy=\"company-benefits\"] ul li').should('have.length', 1).and('contain.text', 'Single benefit item');",
              "err": {},
              "uuid": "6a079aa3-1fb3-49fa-a986-41df9555ee0f",
              "parentUUID": "1fd56383-f147-49c4-9df7-4ab4ebb1128b",
              "isHook": false,
              "skipped": false
            },
            {
              "title": "should be accessible with proper structure",
              "fullTitle": "CompanyBenefits Component should be accessible with proper structure",
              "timedOut": null,
              "duration": 12,
              "state": "passed",
              "speed": "fast",
              "pass": true,
              "fail": false,
              "pending": false,
              "context": null,
              "code": "cy.get('[data-cy=\"company-benefits\"]').should('be.visible');\ncy.get('[data-cy=\"company-benefits\"] h3').should('be.visible');\ncy.get('[data-cy=\"company-benefits\"] ul').should('be.visible');",
              "err": {},
              "uuid": "323c57f2-f8f7-4db7-9e8c-1168a924e01a",
              "parentUUID": "1fd56383-f147-49c4-9df7-4ab4ebb1128b",
              "isHook": false,
              "skipped": false
            },
            {
              "title": "should have proper data attributes for testing",
              "fullTitle": "CompanyBenefits Component should have proper data attributes for testing",
              "timedOut": null,
              "duration": 11,
              "state": "passed",
              "speed": "fast",
              "pass": true,
              "fail": false,
              "pending": false,
              "context": null,
              "code": "cy.get('[data-cy=\"company-benefits\"]').should('exist');\ncy.get('[data-cy=\"benefit-0\"]').should('exist');\ncy.get('[data-cy=\"benefit-10\"]').should('exist');",
              "err": {},
              "uuid": "038acb14-09f4-4792-8613-1a7bc5f3a56b",
              "parentUUID": "1fd56383-f147-49c4-9df7-4ab4ebb1128b",
              "isHook": false,
              "skipped": false
            },
            {
              "title": "should display benefits in correct order",
              "fullTitle": "CompanyBenefits Component should display benefits in correct order",
              "timedOut": null,
              "duration": 9,
              "state": "passed",
              "speed": "fast",
              "pass": true,
              "fail": false,
              "pending": false,
              "context": null,
              "code": "// Check first benefit\ncy.get('[data-cy=\"benefit-0\"]').should('contain.text', 'diversity and inclusion');\n// Check last benefit\ncy.get('[data-cy=\"benefit-10\"]').should('contain.text', 'Qualitest Employee Perks');",
              "err": {},
              "uuid": "73b44d29-57b0-4c27-b0f8-a9bc3479d812",
              "parentUUID": "1fd56383-f147-49c4-9df7-4ab4ebb1128b",
              "isHook": false,
              "skipped": false
            }
          ],
          "suites": [],
          "passes": [
            "ed21dc53-c121-4d5b-a0ea-b43de7341e3e",
            "3fb49ffe-7e79-4f03-8c26-047d6eb55c6f",
            "11275e64-4f3f-482f-8c70-5ae031f637fe",
            "6c48cdf7-1f1c-4ba7-ba65-b26ac9ba2ced",
            "6a079aa3-1fb3-49fa-a986-41df9555ee0f",
            "323c57f2-f8f7-4db7-9e8c-1168a924e01a",
            "038acb14-09f4-4792-8613-1a7bc5f3a56b",
            "73b44d29-57b0-4c27-b0f8-a9bc3479d812"
          ],
          "failures": [],
          "pending": [],
          "skipped": [],
          "duration": 119,
          "root": false,
          "rootEmpty": false,
          "_timeout": 2000
        }
      ],
      "passes": [],
      "failures": [],
      "pending": [],
      "skipped": [],
      "duration": 0,
      "root": true,
      "rootEmpty": true,
      "_timeout": 2000
    }
  ],
  "meta": {
    "mocha": {
      "version": "7.0.1"
    },
    "mochawesome": {
      "options": {
        "quiet": false,
        "reportFilename": "mochawesome",
        "saveHtml": true,
        "saveJson": true,
        "consoleReporter": "spec",
        "useInlineDiffs": false,
        "code": true
      },
      "version": "7.1.3"
    },
    "marge": {
      "options": {
        "reportDir": "cypress/reports",
        "overwrite": false,
        "html": true,
        "json": true,
        "charts": true,
        "reportPageTitle": "Cypress Component Test Results",
        "embeddedScreenshots": true,
        "inlineAssets": true,
        "saveAllAttempts": false
      },
      "version": "6.2.0"
    }
  }
}